{"/home/travis/build/npmtest/node-npmtest-restify-mongoose/test.js":{"path":"/home/travis/build/npmtest/node-npmtest-restify-mongoose/test.js","s":{"1":2,"2":2,"3":2,"4":2,"5":2,"6":2,"7":2,"8":1,"9":2,"10":2,"11":1,"12":1,"13":1,"14":1,"15":2,"16":2,"17":2,"18":2,"19":1,"20":1,"21":2,"22":2,"23":2,"24":1,"25":1,"26":1,"27":1,"28":1,"29":1,"30":1,"31":1,"32":1,"33":1,"34":1,"35":1,"36":1,"37":1,"38":1,"39":2,"40":2,"41":1,"42":2,"43":2,"44":1,"45":2,"46":2,"47":1,"48":2,"49":2,"50":1,"51":1,"52":1,"53":1,"54":1},"b":{"1":[2,1,1,1],"2":[1,1,1,1],"3":[1,1],"4":[1,1],"5":[1,1],"6":[1,1],"7":[1,1],"8":[1,1],"9":[1,1],"10":[1,1,1],"11":[1,1],"12":[1,1],"13":[1,1],"14":[1,1],"15":[1,1],"16":[1,1],"17":[1,1]},"f":{"1":2,"2":2,"3":2,"4":2,"5":2,"6":1,"7":1,"8":1,"9":2,"10":2,"11":2,"12":2,"13":1},"fnMap":{"1":{"name":"(anonymous_1)","line":12,"loc":{"start":{"line":12,"column":1},"end":{"line":12,"column":13}}},"2":{"name":"(anonymous_2)","line":19,"loc":{"start":{"line":19,"column":5},"end":{"line":19,"column":17}}},"3":{"name":"(anonymous_3)","line":23,"loc":{"start":{"line":23,"column":24},"end":{"line":23,"column":36}}},"4":{"name":"(anonymous_4)","line":61,"loc":{"start":{"line":61,"column":5},"end":{"line":61,"column":17}}},"5":{"name":"(anonymous_5)","line":82,"loc":{"start":{"line":82,"column":5},"end":{"line":82,"column":17}}},"6":{"name":"(anonymous_6)","line":91,"loc":{"start":{"line":91,"column":77},"end":{"line":94,"column":10}}},"7":{"name":"(anonymous_7)","line":112,"loc":{"start":{"line":112,"column":83},"end":{"line":115,"column":10}},"skip":true},"8":{"name":"(anonymous_8)","line":123,"loc":{"start":{"line":123,"column":77},"end":{"line":126,"column":10}},"skip":true},"9":{"name":"(anonymous_9)","line":139,"loc":{"start":{"line":139,"column":12},"end":{"line":139,"column":40}},"skip":true},"10":{"name":"(anonymous_10)","line":147,"loc":{"start":{"line":147,"column":77},"end":{"line":150,"column":10}},"skip":true},"11":{"name":"(anonymous_11)","line":158,"loc":{"start":{"line":158,"column":83},"end":{"line":161,"column":10}},"skip":true},"12":{"name":"(anonymous_12)","line":169,"loc":{"start":{"line":169,"column":79},"end":{"line":172,"column":10}},"skip":true},"13":{"name":"(anonymous_13)","line":180,"loc":{"start":{"line":180,"column":75},"end":{"line":183,"column":10}},"skip":true}},"statementMap":{"1":{"start":{"line":12,"column":0},"end":{"line":195,"column":5}},"2":{"start":{"line":14,"column":4},"end":{"line":14,"column":14}},"3":{"start":{"line":19,"column":4},"end":{"line":56,"column":9}},"4":{"start":{"line":21,"column":8},"end":{"line":21,"column":19}},"5":{"start":{"line":23,"column":8},"end":{"line":35,"column":13}},"6":{"start":{"line":24,"column":12},"end":{"line":34,"column":13}},"7":{"start":{"line":25,"column":16},"end":{"line":28,"column":30}},"8":{"start":{"line":30,"column":16},"end":{"line":33,"column":27}},"9":{"start":{"line":37,"column":8},"end":{"line":39,"column":21}},"10":{"start":{"line":40,"column":8},"end":{"line":53,"column":9}},"11":{"start":{"line":43,"column":12},"end":{"line":46,"column":14}},"12":{"start":{"line":47,"column":12},"end":{"line":47,"column":18}},"13":{"start":{"line":50,"column":12},"end":{"line":51,"column":33}},"14":{"start":{"line":52,"column":12},"end":{"line":52,"column":18}},"15":{"start":{"line":55,"column":8},"end":{"line":55,"column":35}},"16":{"start":{"line":61,"column":4},"end":{"line":63,"column":9}},"17":{"start":{"line":62,"column":8},"end":{"line":62,"column":15}},"18":{"start":{"line":64,"column":4},"end":{"line":77,"column":5}},"19":{"start":{"line":70,"column":8},"end":{"line":70,"column":14}},"20":{"start":{"line":76,"column":8},"end":{"line":76,"column":14}},"21":{"start":{"line":82,"column":4},"end":{"line":84,"column":9}},"22":{"start":{"line":83,"column":8},"end":{"line":83,"column":15}},"23":{"start":{"line":85,"column":4},"end":{"line":194,"column":5}},"24":{"start":{"line":91,"column":8},"end":{"line":99,"column":10}},"25":{"start":{"line":98,"column":12},"end":{"line":98,"column":35}},"26":{"start":{"line":102,"column":8},"end":{"line":104,"column":63}},"27":{"start":{"line":105,"column":8},"end":{"line":105,"column":14}},"28":{"start":{"line":112,"column":8},"end":{"line":121,"column":10},"skip":true},"29":{"start":{"line":119,"column":12},"end":{"line":119,"column":55},"skip":true},"30":{"start":{"line":120,"column":12},"end":{"line":120,"column":48},"skip":true},"31":{"start":{"line":123,"column":8},"end":{"line":136,"column":10},"skip":true},"32":{"start":{"line":130,"column":12},"end":{"line":130,"column":76},"skip":true},"33":{"start":{"line":131,"column":12},"end":{"line":131,"column":73},"skip":true},"34":{"start":{"line":132,"column":12},"end":{"line":132,"column":74},"skip":true},"35":{"start":{"line":133,"column":12},"end":{"line":133,"column":79},"skip":true},"36":{"start":{"line":134,"column":12},"end":{"line":134,"column":25},"skip":true},"37":{"start":{"line":135,"column":12},"end":{"line":135,"column":45},"skip":true},"38":{"start":{"line":138,"column":8},"end":{"line":145,"column":14},"skip":true},"39":{"start":{"line":143,"column":16},"end":{"line":143,"column":29},"skip":true},"40":{"start":{"line":144,"column":16},"end":{"line":144,"column":55},"skip":true},"41":{"start":{"line":147,"column":8},"end":{"line":156,"column":10},"skip":true},"42":{"start":{"line":154,"column":12},"end":{"line":154,"column":25},"skip":true},"43":{"start":{"line":155,"column":12},"end":{"line":155,"column":45},"skip":true},"44":{"start":{"line":158,"column":8},"end":{"line":167,"column":10},"skip":true},"45":{"start":{"line":165,"column":12},"end":{"line":165,"column":25},"skip":true},"46":{"start":{"line":166,"column":12},"end":{"line":166,"column":48},"skip":true},"47":{"start":{"line":169,"column":8},"end":{"line":178,"column":10},"skip":true},"48":{"start":{"line":176,"column":12},"end":{"line":176,"column":25},"skip":true},"49":{"start":{"line":177,"column":12},"end":{"line":177,"column":46},"skip":true},"50":{"start":{"line":180,"column":8},"end":{"line":189,"column":10},"skip":true},"51":{"start":{"line":187,"column":12},"end":{"line":187,"column":94},"skip":true},"52":{"start":{"line":188,"column":12},"end":{"line":188,"column":48},"skip":true},"53":{"start":{"line":192,"column":8},"end":{"line":192,"column":35},"skip":true},"54":{"start":{"line":193,"column":8},"end":{"line":193,"column":14},"skip":true}},"branchMap":{"1":{"line":25,"type":"binary-expr","locations":[{"start":{"line":25,"column":23},"end":{"line":25,"column":62}},{"start":{"line":26,"column":20},"end":{"line":26,"column":70}},{"start":{"line":27,"column":20},"end":{"line":27,"column":71}},{"start":{"line":28,"column":20},"end":{"line":28,"column":29}}]},"2":{"line":30,"type":"binary-expr","locations":[{"start":{"line":30,"column":23},"end":{"line":30,"column":37}},{"start":{"line":31,"column":20},"end":{"line":31,"column":61}},{"start":{"line":32,"column":20},"end":{"line":32,"column":70}},{"start":{"line":33,"column":20},"end":{"line":33,"column":26}}]},"3":{"line":37,"type":"cond-expr","locations":[{"start":{"line":38,"column":14},"end":{"line":38,"column":20}},{"start":{"line":39,"column":14},"end":{"line":39,"column":20}}]},"4":{"line":40,"type":"switch","locations":[{"start":{"line":42,"column":8},"end":{"line":47,"column":18}},{"start":{"line":49,"column":8},"end":{"line":52,"column":18}}]},"5":{"line":44,"type":"binary-expr","locations":[{"start":{"line":44,"column":16},"end":{"line":44,"column":44}},{"start":{"line":44,"column":48},"end":{"line":44,"column":66}}]},"6":{"line":50,"type":"binary-expr","locations":[{"start":{"line":50,"column":21},"end":{"line":50,"column":49}},{"start":{"line":50,"column":53},"end":{"line":50,"column":72}}]},"7":{"line":64,"type":"switch","locations":[{"start":{"line":69,"column":4},"end":{"line":70,"column":14}},{"start":{"line":75,"column":4},"end":{"line":76,"column":14}}]},"8":{"line":85,"type":"switch","locations":[{"start":{"line":90,"column":4},"end":{"line":105,"column":14}},{"start":{"line":111,"column":4},"end":{"line":193,"column":14},"skip":true}]},"9":{"line":91,"type":"binary-expr","locations":[{"start":{"line":91,"column":42},"end":{"line":91,"column":73}},{"start":{"line":91,"column":77},"end":{"line":99,"column":9}}]},"10":{"line":102,"type":"binary-expr","locations":[{"start":{"line":102,"column":18},"end":{"line":102,"column":32}},{"start":{"line":103,"column":12},"end":{"line":103,"column":53}},{"start":{"line":104,"column":12},"end":{"line":104,"column":61}}]},"11":{"line":112,"type":"binary-expr","locations":[{"start":{"line":112,"column":45},"end":{"line":112,"column":79},"skip":true},{"start":{"line":112,"column":83},"end":{"line":121,"column":9},"skip":true}]},"12":{"line":123,"type":"binary-expr","locations":[{"start":{"line":123,"column":42},"end":{"line":123,"column":73},"skip":true},{"start":{"line":123,"column":77},"end":{"line":136,"column":9},"skip":true}]},"13":{"line":138,"type":"binary-expr","locations":[{"start":{"line":138,"column":48},"end":{"line":138,"column":85},"skip":true},{"start":{"line":139,"column":12},"end":{"line":145,"column":13},"skip":true}]},"14":{"line":147,"type":"binary-expr","locations":[{"start":{"line":147,"column":42},"end":{"line":147,"column":73},"skip":true},{"start":{"line":147,"column":77},"end":{"line":156,"column":9},"skip":true}]},"15":{"line":158,"type":"binary-expr","locations":[{"start":{"line":158,"column":45},"end":{"line":158,"column":79},"skip":true},{"start":{"line":158,"column":83},"end":{"line":167,"column":9},"skip":true}]},"16":{"line":169,"type":"binary-expr","locations":[{"start":{"line":169,"column":43},"end":{"line":169,"column":75},"skip":true},{"start":{"line":169,"column":79},"end":{"line":178,"column":9},"skip":true}]},"17":{"line":180,"type":"binary-expr","locations":[{"start":{"line":180,"column":41},"end":{"line":180,"column":71},"skip":true},{"start":{"line":180,"column":75},"end":{"line":189,"column":9},"skip":true}]}},"code":["/* istanbul instrument in package npmtest_restify_mongoose */","/*jslint","    bitwise: true,","    browser: true,","    maxerr: 8,","    maxlen: 96,","    node: true,","    nomen: true,","    regexp: true,","    stupid: true","*/","(function () {","    'use strict';","    var local;","","","","    // run shared js-env code - init-before","    (function () {","        // init local","        local = {};","        // init modeJs","        local.modeJs = (function () {","            try {","                return typeof navigator.userAgent === 'string' &&","                    typeof document.querySelector('body') === 'object' &&","                    typeof XMLHttpRequest.prototype.open === 'function' &&","                    'browser';","            } catch (errorCaughtBrowser) {","                return module.exports &&","                    typeof process.versions.node === 'string' &&","                    typeof require('http').createServer === 'function' &&","                    'node';","            }","        }());","        // init global","        local.global = local.modeJs === 'browser'","            ? window","            : global;","        switch (local.modeJs) {","        // re-init local from window.local","        case 'browser':","            local = local.global.utility2.objectSetDefault(","                local.global.utility2_rollup || local.global.local,","                local.global.utility2","            );","            break;","        // re-init local from example.js","        case 'node':","            local = (local.global.utility2_rollup || require('utility2'))","                .requireReadme();","            break;","        }","        // export local","        local.global.local = local;","    }());","","","","    // run shared js-env code - function","    (function () {","        return;","    }());","    switch (local.modeJs) {","","","","    // run browser js-env code - function","    case 'browser':","        break;","","","","    // run node js-env code - function","    case 'node':","        break;","    }","","","","    // run shared js-env code - init-after","    (function () {","        return;","    }());","    switch (local.modeJs) {","","","","    // run browser js-env code - init-after","    case 'browser':","        local.testCase_browser_nullCase = local.testCase_browser_nullCase || function (","            options,","            onError","        ) {","        /*","         * this function will test browsers's null-case handling-behavior-behavior","         */","            onError(null, options);","        };","","        // run tests","        local.nop(local.modeTest &&","            document.querySelector('#testRunButton1') &&","            document.querySelector('#testRunButton1').click());","        break;","","","","    // run node js-env code - init-after","    /* istanbul ignore next */","    case 'node':","        local.testCase_buildApidoc_default = local.testCase_buildApidoc_default || function (","            options,","            onError","        ) {","        /*","         * this function will test buildApidoc's default handling-behavior-behavior","         */","            options = { modulePathList: module.paths };","            local.buildApidoc(options, onError);","        };","","        local.testCase_buildApp_default = local.testCase_buildApp_default || function (","            options,","            onError","        ) {","        /*","         * this function will test buildApp's default handling-behavior-behavior","         */","            local.testCase_buildReadme_default(options, local.onErrorThrow);","            local.testCase_buildLib_default(options, local.onErrorThrow);","            local.testCase_buildTest_default(options, local.onErrorThrow);","            local.testCase_buildCustomOrg_default(options, local.onErrorThrow);","            options = [];","            local.buildApp(options, onError);","        };","","        local.testCase_buildCustomOrg_default = local.testCase_buildCustomOrg_default ||","            function (options, onError) {","            /*","             * this function will test buildCustomOrg's default handling-behavior","             */","                options = {};","                local.buildCustomOrg(options, onError);","            };","","        local.testCase_buildLib_default = local.testCase_buildLib_default || function (","            options,","            onError","        ) {","        /*","         * this function will test buildLib's default handling-behavior","         */","            options = {};","            local.buildLib(options, onError);","        };","","        local.testCase_buildReadme_default = local.testCase_buildReadme_default || function (","            options,","            onError","        ) {","        /*","         * this function will test buildReadme's default handling-behavior-behavior","         */","            options = {};","            local.buildReadme(options, onError);","        };","","        local.testCase_buildTest_default = local.testCase_buildTest_default || function (","            options,","            onError","        ) {","        /*","         * this function will test buildTest's default handling-behavior","         */","            options = {};","            local.buildTest(options, onError);","        };","","        local.testCase_webpage_default = local.testCase_webpage_default || function (","            options,","            onError","        ) {","        /*","         * this function will test webpage's default handling-behavior","         */","            options = { modeCoverageMerge: true, url: local.serverLocalHost + '?modeTest=1' };","            local.browserTest(options, onError);","        };","","        // run test-server","        local.testRunServer(local);","        break;","    }","}());",""],"l":{"12":2,"14":2,"19":2,"21":2,"23":2,"24":2,"25":2,"30":1,"37":2,"40":2,"43":1,"47":1,"50":1,"52":1,"55":2,"61":2,"62":2,"64":2,"70":1,"76":1,"82":2,"83":2,"85":2,"91":1,"98":1,"102":1,"105":1,"112":1,"119":1,"120":1,"123":1,"130":1,"131":1,"132":1,"133":1,"134":1,"135":1,"138":1,"143":2,"144":2,"147":1,"154":2,"155":2,"158":1,"165":2,"166":2,"169":1,"176":2,"177":2,"180":1,"187":1,"188":1,"192":1,"193":1}},"/home/travis/build/npmtest/node-npmtest-restify-mongoose/lib.npmtest_restify_mongoose.js":{"path":"/home/travis/build/npmtest/node-npmtest-restify-mongoose/lib.npmtest_restify_mongoose.js","s":{"1":2,"2":2,"3":2,"4":2,"5":2,"6":2,"7":2,"8":1,"9":2,"10":2,"11":2,"12":2,"13":1,"14":1,"15":1,"16":1},"b":{"1":[2,1,1,1],"2":[1,1,1,1],"3":[1,1],"4":[2,2],"5":[1,1]},"f":{"1":2,"2":2,"3":2},"fnMap":{"1":{"name":"(anonymous_1)","line":12,"loc":{"start":{"line":12,"column":1},"end":{"line":12,"column":13}}},"2":{"name":"(anonymous_2)","line":19,"loc":{"start":{"line":19,"column":5},"end":{"line":19,"column":17}}},"3":{"name":"(anonymous_3)","line":23,"loc":{"start":{"line":23,"column":24},"end":{"line":23,"column":36}}}},"statementMap":{"1":{"start":{"line":12,"column":0},"end":{"line":53,"column":5}},"2":{"start":{"line":14,"column":4},"end":{"line":14,"column":14}},"3":{"start":{"line":19,"column":4},"end":{"line":52,"column":9}},"4":{"start":{"line":21,"column":8},"end":{"line":21,"column":19}},"5":{"start":{"line":23,"column":8},"end":{"line":35,"column":13}},"6":{"start":{"line":24,"column":12},"end":{"line":34,"column":13}},"7":{"start":{"line":25,"column":16},"end":{"line":28,"column":30}},"8":{"start":{"line":30,"column":16},"end":{"line":33,"column":27}},"9":{"start":{"line":37,"column":8},"end":{"line":39,"column":21}},"10":{"start":{"line":41,"column":8},"end":{"line":41,"column":54}},"11":{"start":{"line":43,"column":8},"end":{"line":43,"column":61}},"12":{"start":{"line":45,"column":8},"end":{"line":51,"column":9}},"13":{"start":{"line":46,"column":12},"end":{"line":46,"column":67}},"14":{"start":{"line":48,"column":12},"end":{"line":48,"column":35}},"15":{"start":{"line":49,"column":12},"end":{"line":49,"column":49}},"16":{"start":{"line":50,"column":12},"end":{"line":50,"column":43}}},"branchMap":{"1":{"line":25,"type":"binary-expr","locations":[{"start":{"line":25,"column":23},"end":{"line":25,"column":62}},{"start":{"line":26,"column":20},"end":{"line":26,"column":70}},{"start":{"line":27,"column":20},"end":{"line":27,"column":71}},{"start":{"line":28,"column":20},"end":{"line":28,"column":29}}]},"2":{"line":30,"type":"binary-expr","locations":[{"start":{"line":30,"column":23},"end":{"line":30,"column":37}},{"start":{"line":31,"column":20},"end":{"line":31,"column":61}},{"start":{"line":32,"column":20},"end":{"line":32,"column":70}},{"start":{"line":33,"column":20},"end":{"line":33,"column":26}}]},"3":{"line":37,"type":"cond-expr","locations":[{"start":{"line":38,"column":14},"end":{"line":38,"column":20}},{"start":{"line":39,"column":14},"end":{"line":39,"column":20}}]},"4":{"line":41,"type":"binary-expr","locations":[{"start":{"line":41,"column":16},"end":{"line":41,"column":44}},{"start":{"line":41,"column":48},"end":{"line":41,"column":53}}]},"5":{"line":45,"type":"if","locations":[{"start":{"line":45,"column":8},"end":{"line":45,"column":8}},{"start":{"line":45,"column":8},"end":{"line":45,"column":8}}]}},"code":["/* istanbul instrument in package npmtest_restify_mongoose */","/*jslint","    bitwise: true,","    browser: true,","    maxerr: 8,","    maxlen: 96,","    node: true,","    nomen: true,","    regexp: true,","    stupid: true","*/","(function () {","    'use strict';","    var local;","","","","    // run shared js-env code - init-before","    (function () {","        // init local","        local = {};","        // init modeJs","        local.modeJs = (function () {","            try {","                return typeof navigator.userAgent === 'string' &&","                    typeof document.querySelector('body') === 'object' &&","                    typeof XMLHttpRequest.prototype.open === 'function' &&","                    'browser';","            } catch (errorCaughtBrowser) {","                return module.exports &&","                    typeof process.versions.node === 'string' &&","                    typeof require('http').createServer === 'function' &&","                    'node';","            }","        }());","        // init global","        local.global = local.modeJs === 'browser'","            ? window","            : global;","        // init utility2_rollup","        local = local.global.utility2_rollup || local;","        // init lib","        local.local = local.npmtest_restify_mongoose = local;","        // init exports","        if (local.modeJs === 'browser') {","            local.global.utility2_npmtest_restify_mongoose = local;","        } else {","            module.exports = local;","            module.exports.__dirname = __dirname;","            module.exports.module = module;","        }","    }());","}());",""],"l":{"12":2,"14":2,"19":2,"21":2,"23":2,"24":2,"25":2,"30":1,"37":2,"41":2,"43":2,"45":2,"46":1,"48":1,"49":1,"50":1}},"/home/travis/build/npmtest/node-npmtest-restify-mongoose/example.js":{"path":"/home/travis/build/npmtest/node-npmtest-restify-mongoose/example.js","s":{"1":2,"2":2,"3":2,"4":2,"5":2,"6":2,"7":2,"8":1,"9":2,"10":2,"11":2,"12":2,"13":1,"14":2,"15":2,"16":2,"17":2,"18":2,"19":0,"20":2,"21":1,"22":1,"23":1,"24":1,"25":1,"26":0,"27":0,"28":1,"29":1,"30":2,"31":0,"32":0,"33":0,"34":1,"35":2,"36":2,"37":3,"38":3,"39":3,"40":3,"41":0,"42":3,"43":3,"44":3,"45":1,"46":3,"47":1,"48":1,"49":1,"50":1,"51":1,"52":1,"53":1,"54":1,"55":1,"56":1,"57":0,"58":1,"59":6,"60":6,"61":1,"62":2,"63":0,"64":2,"65":1,"66":1,"67":0,"68":0,"69":0,"70":0,"71":0,"72":0,"73":0,"74":0,"75":0,"76":0,"77":0,"78":0,"79":0,"80":0,"81":0,"82":0,"83":0},"b":{"1":[2,1,1,1],"2":[1,1,1,1],"3":[1,1],"4":[2,2],"5":[1,1],"6":[1,1],"7":[2,0],"8":[2,1,1,1,1,1],"9":[0,2,0],"10":[1,1],"11":[2,1,1],"12":[1,0],"13":[0,2],"14":[2,0,0,0,0,0,0],"15":[0,3],"16":[3,0],"17":[1,1],"18":[0,1],"19":[1,2,0,2],"20":[1,0],"21":[1,1],"22":[0,0],"23":[0,0],"24":[0,0],"25":[0,0],"26":[0,0],"27":[0,0],"28":[0,0]},"f":{"1":2,"2":2,"3":2,"4":2,"5":2,"6":2,"7":3,"8":3,"9":3,"10":1,"11":6,"12":0},"fnMap":{"1":{"name":"(anonymous_1)","line":26,"loc":{"start":{"line":26,"column":1},"end":{"line":26,"column":13}}},"2":{"name":"(anonymous_2)","line":33,"loc":{"start":{"line":33,"column":5},"end":{"line":33,"column":17}}},"3":{"name":"(anonymous_3)","line":37,"loc":{"start":{"line":37,"column":24},"end":{"line":37,"column":36}}},"4":{"name":"(anonymous_4)","line":69,"loc":{"start":{"line":69,"column":31},"end":{"line":69,"column":48}},"skip":true},"5":{"name":"(anonymous_5)","line":78,"loc":{"start":{"line":78,"column":26},"end":{"line":78,"column":45}},"skip":true},"6":{"name":"(anonymous_6)","line":123,"loc":{"start":{"line":123,"column":33},"end":{"line":123,"column":48}},"skip":true},"7":{"name":"(anonymous_7)","line":125,"loc":{"start":{"line":125,"column":27},"end":{"line":125,"column":39}},"skip":true},"8":{"name":"(anonymous_8)","line":133,"loc":{"start":{"line":133,"column":59},"end":{"line":133,"column":74}},"skip":true},"9":{"name":"(anonymous_9)","line":143,"loc":{"start":{"line":143,"column":45},"end":{"line":143,"column":62}},"skip":true},"10":{"name":"(anonymous_10)","line":144,"loc":{"start":{"line":144,"column":73},"end":{"line":144,"column":92}},"skip":true},"11":{"name":"(anonymous_11)","line":272,"loc":{"start":{"line":272,"column":51},"end":{"line":272,"column":77}},"skip":true},"12":{"name":"(anonymous_12)","line":315,"loc":{"start":{"line":315,"column":32},"end":{"line":315,"column":61}},"skip":true}},"statementMap":{"1":{"start":{"line":26,"column":0},"end":{"line":326,"column":5}},"2":{"start":{"line":28,"column":4},"end":{"line":28,"column":14}},"3":{"start":{"line":33,"column":4},"end":{"line":60,"column":9}},"4":{"start":{"line":35,"column":8},"end":{"line":35,"column":19}},"5":{"start":{"line":37,"column":8},"end":{"line":49,"column":13}},"6":{"start":{"line":38,"column":12},"end":{"line":48,"column":13}},"7":{"start":{"line":39,"column":16},"end":{"line":42,"column":30}},"8":{"start":{"line":44,"column":16},"end":{"line":47,"column":27}},"9":{"start":{"line":51,"column":8},"end":{"line":53,"column":21}},"10":{"start":{"line":55,"column":8},"end":{"line":57,"column":45}},"11":{"start":{"line":59,"column":8},"end":{"line":59,"column":35}},"12":{"start":{"line":61,"column":4},"end":{"line":325,"column":5}},"13":{"start":{"line":69,"column":8},"end":{"line":121,"column":10},"skip":true},"14":{"start":{"line":70,"column":12},"end":{"line":88,"column":13},"skip":true},"15":{"start":{"line":76,"column":16},"end":{"line":87,"column":19},"skip":true},"16":{"start":{"line":79,"column":20},"end":{"line":86,"column":21},"skip":true},"17":{"start":{"line":82,"column":24},"end":{"line":82,"column":43},"skip":true},"18":{"start":{"line":83,"column":24},"end":{"line":83,"column":30},"skip":true},"19":{"start":{"line":85,"column":24},"end":{"line":85,"column":49},"skip":true},"20":{"start":{"line":89,"column":12},"end":{"line":107,"column":13},"skip":true},"21":{"start":{"line":92,"column":16},"end":{"line":102,"column":17},"skip":true},"22":{"start":{"line":93,"column":20},"end":{"line":93,"column":86},"skip":true},"23":{"start":{"line":94,"column":20},"end":{"line":95,"column":45},"skip":true},"24":{"start":{"line":96,"column":20},"end":{"line":96,"column":42},"skip":true},"25":{"start":{"line":97,"column":20},"end":{"line":97,"column":48},"skip":true},"26":{"start":{"line":100,"column":20},"end":{"line":100,"column":85},"skip":true},"27":{"start":{"line":101,"column":20},"end":{"line":101,"column":96},"skip":true},"28":{"start":{"line":103,"column":16},"end":{"line":103,"column":22},"skip":true},"29":{"start":{"line":106,"column":16},"end":{"line":106,"column":22},"skip":true},"30":{"start":{"line":108,"column":12},"end":{"line":120,"column":13},"skip":true},"31":{"start":{"line":114,"column":16},"end":{"line":119,"column":17},"skip":true},"32":{"start":{"line":116,"column":20},"end":{"line":116,"column":78},"skip":true},"33":{"start":{"line":118,"column":20},"end":{"line":118,"column":47},"skip":true},"34":{"start":{"line":123,"column":8},"end":{"line":141,"column":11},"skip":true},"35":{"start":{"line":124,"column":12},"end":{"line":124,"column":54},"skip":true},"36":{"start":{"line":125,"column":12},"end":{"line":140,"column":14},"skip":true},"37":{"start":{"line":126,"column":16},"end":{"line":126,"column":28},"skip":true},"38":{"start":{"line":127,"column":16},"end":{"line":127,"column":69},"skip":true},"39":{"start":{"line":128,"column":16},"end":{"line":128,"column":75},"skip":true},"40":{"start":{"line":129,"column":16},"end":{"line":131,"column":17},"skip":true},"41":{"start":{"line":130,"column":20},"end":{"line":130,"column":27},"skip":true},"42":{"start":{"line":133,"column":16},"end":{"line":137,"column":36},"skip":true},"43":{"start":{"line":134,"column":20},"end":{"line":136,"column":55},"skip":true},"44":{"start":{"line":139,"column":16},"end":{"line":139,"column":57},"skip":true},"45":{"start":{"line":143,"column":8},"end":{"line":147,"column":11},"skip":true},"46":{"start":{"line":144,"column":12},"end":{"line":146,"column":15},"skip":true},"47":{"start":{"line":145,"column":16},"end":{"line":145,"column":70},"skip":true},"48":{"start":{"line":149,"column":8},"end":{"line":149,"column":31},"skip":true},"49":{"start":{"line":150,"column":8},"end":{"line":150,"column":14},"skip":true},"50":{"start":{"line":158,"column":8},"end":{"line":158,"column":31},"skip":true},"51":{"start":{"line":160,"column":8},"end":{"line":160,"column":33},"skip":true},"52":{"start":{"line":161,"column":8},"end":{"line":161,"column":37},"skip":true},"53":{"start":{"line":162,"column":8},"end":{"line":162,"column":35},"skip":true},"54":{"start":{"line":164,"column":8},"end":{"line":164,"column":50},"skip":true},"55":{"start":{"line":166,"column":8},"end":{"line":256,"column":2},"skip":true},"56":{"start":{"line":258,"column":8},"end":{"line":286,"column":9},"skip":true},"57":{"start":{"line":259,"column":12},"end":{"line":269,"column":14},"skip":true},"58":{"start":{"line":271,"column":12},"end":{"line":285,"column":19},"skip":true},"59":{"start":{"line":274,"column":20},"end":{"line":274,"column":35},"skip":true},"60":{"start":{"line":275,"column":20},"end":{"line":284,"column":21},"skip":true},"61":{"start":{"line":277,"column":24},"end":{"line":277,"column":64},"skip":true},"62":{"start":{"line":279,"column":24},"end":{"line":279,"column":40},"skip":true},"63":{"start":{"line":281,"column":24},"end":{"line":281,"column":40},"skip":true},"64":{"start":{"line":283,"column":24},"end":{"line":283,"column":39},"skip":true},"65":{"start":{"line":288,"column":8},"end":{"line":290,"column":9},"skip":true},"66":{"start":{"line":289,"column":12},"end":{"line":289,"column":18},"skip":true},"67":{"start":{"line":291,"column":8},"end":{"line":293,"column":54},"skip":true},"68":{"start":{"line":296,"column":8},"end":{"line":301,"column":37},"skip":true},"69":{"start":{"line":303,"column":8},"end":{"line":303,"column":82},"skip":true},"70":{"start":{"line":306,"column":8},"end":{"line":308,"column":9},"skip":true},"71":{"start":{"line":307,"column":12},"end":{"line":307,"column":82},"skip":true},"72":{"start":{"line":310,"column":8},"end":{"line":312,"column":9},"skip":true},"73":{"start":{"line":311,"column":12},"end":{"line":311,"column":18},"skip":true},"74":{"start":{"line":313,"column":8},"end":{"line":313,"column":54},"skip":true},"75":{"start":{"line":314,"column":8},"end":{"line":314,"column":69},"skip":true},"76":{"start":{"line":315,"column":8},"end":{"line":323,"column":36},"skip":true},"77":{"start":{"line":316,"column":12},"end":{"line":316,"column":61},"skip":true},"78":{"start":{"line":317,"column":12},"end":{"line":320,"column":13},"skip":true},"79":{"start":{"line":318,"column":16},"end":{"line":318,"column":75},"skip":true},"80":{"start":{"line":319,"column":16},"end":{"line":319,"column":23},"skip":true},"81":{"start":{"line":321,"column":12},"end":{"line":321,"column":38},"skip":true},"82":{"start":{"line":322,"column":12},"end":{"line":322,"column":27},"skip":true},"83":{"start":{"line":324,"column":8},"end":{"line":324,"column":14},"skip":true}},"branchMap":{"1":{"line":39,"type":"binary-expr","locations":[{"start":{"line":39,"column":23},"end":{"line":39,"column":62}},{"start":{"line":40,"column":20},"end":{"line":40,"column":70}},{"start":{"line":41,"column":20},"end":{"line":41,"column":71}},{"start":{"line":42,"column":20},"end":{"line":42,"column":29}}]},"2":{"line":44,"type":"binary-expr","locations":[{"start":{"line":44,"column":23},"end":{"line":44,"column":37}},{"start":{"line":45,"column":20},"end":{"line":45,"column":61}},{"start":{"line":46,"column":20},"end":{"line":46,"column":70}},{"start":{"line":47,"column":20},"end":{"line":47,"column":26}}]},"3":{"line":51,"type":"cond-expr","locations":[{"start":{"line":52,"column":14},"end":{"line":52,"column":20}},{"start":{"line":53,"column":14},"end":{"line":53,"column":20}}]},"4":{"line":55,"type":"binary-expr","locations":[{"start":{"line":55,"column":16},"end":{"line":55,"column":44}},{"start":{"line":55,"column":49},"end":{"line":57,"column":43}}]},"5":{"line":55,"type":"cond-expr","locations":[{"start":{"line":56,"column":14},"end":{"line":56,"column":60}},{"start":{"line":57,"column":14},"end":{"line":57,"column":43}}]},"6":{"line":61,"type":"switch","locations":[{"start":{"line":68,"column":4},"end":{"line":150,"column":14},"skip":true},{"start":{"line":156,"column":4},"end":{"line":324,"column":14},"skip":true}]},"7":{"line":70,"type":"if","locations":[{"start":{"line":70,"column":12},"end":{"line":70,"column":12},"skip":true},{"start":{"line":70,"column":12},"end":{"line":70,"column":12},"skip":true}]},"8":{"line":70,"type":"binary-expr","locations":[{"start":{"line":70,"column":16},"end":{"line":70,"column":22},"skip":true},{"start":{"line":70,"column":27},"end":{"line":70,"column":32},"skip":true},{"start":{"line":71,"column":20},"end":{"line":71,"column":39},"skip":true},{"start":{"line":72,"column":20},"end":{"line":72,"column":49},"skip":true},{"start":{"line":73,"column":20},"end":{"line":73,"column":58},"skip":true},{"start":{"line":74,"column":20},"end":{"line":74,"column":69},"skip":true}]},"9":{"line":79,"type":"switch","locations":[{"start":{"line":80,"column":20},"end":{"line":80,"column":33},"skip":true},{"start":{"line":81,"column":20},"end":{"line":83,"column":30},"skip":true},{"start":{"line":84,"column":20},"end":{"line":85,"column":49},"skip":true}]},"10":{"line":89,"type":"switch","locations":[{"start":{"line":90,"column":12},"end":{"line":103,"column":22},"skip":true},{"start":{"line":105,"column":12},"end":{"line":106,"column":22},"skip":true}]},"11":{"line":89,"type":"binary-expr","locations":[{"start":{"line":89,"column":20},"end":{"line":89,"column":25},"skip":true},{"start":{"line":89,"column":29},"end":{"line":89,"column":48},"skip":true},{"start":{"line":89,"column":52},"end":{"line":89,"column":74},"skip":true}]},"12":{"line":92,"type":"if","locations":[{"start":{"line":92,"column":16},"end":{"line":92,"column":16},"skip":true},{"start":{"line":92,"column":16},"end":{"line":92,"column":16},"skip":true}]},"13":{"line":108,"type":"if","locations":[{"start":{"line":108,"column":12},"end":{"line":108,"column":12},"skip":true},{"start":{"line":108,"column":12},"end":{"line":108,"column":12},"skip":true}]},"14":{"line":108,"type":"binary-expr","locations":[{"start":{"line":108,"column":16},"end":{"line":108,"column":61},"skip":true},{"start":{"line":108,"column":66},"end":{"line":108,"column":72},"skip":true},{"start":{"line":108,"column":77},"end":{"line":108,"column":82},"skip":true},{"start":{"line":109,"column":20},"end":{"line":109,"column":39},"skip":true},{"start":{"line":110,"column":20},"end":{"line":110,"column":49},"skip":true},{"start":{"line":111,"column":20},"end":{"line":111,"column":58},"skip":true},{"start":{"line":112,"column":20},"end":{"line":112,"column":68},"skip":true}]},"15":{"line":129,"type":"if","locations":[{"start":{"line":129,"column":16},"end":{"line":129,"column":16},"skip":true},{"start":{"line":129,"column":16},"end":{"line":129,"column":16},"skip":true}]},"16":{"line":134,"type":"cond-expr","locations":[{"start":{"line":135,"column":26},"end":{"line":135,"column":29},"skip":true},{"start":{"line":136,"column":26},"end":{"line":136,"column":54},"skip":true}]},"17":{"line":164,"type":"binary-expr","locations":[{"start":{"line":164,"column":27},"end":{"line":164,"column":43},"skip":true},{"start":{"line":164,"column":47},"end":{"line":164,"column":49},"skip":true}]},"18":{"line":258,"type":"if","locations":[{"start":{"line":258,"column":8},"end":{"line":258,"column":8},"skip":true},{"start":{"line":258,"column":8},"end":{"line":258,"column":8},"skip":true}]},"19":{"line":275,"type":"switch","locations":[{"start":{"line":276,"column":20},"end":{"line":277,"column":64},"skip":true},{"start":{"line":278,"column":20},"end":{"line":279,"column":40},"skip":true},{"start":{"line":280,"column":20},"end":{"line":281,"column":40},"skip":true},{"start":{"line":282,"column":20},"end":{"line":283,"column":39},"skip":true}]},"20":{"line":288,"type":"if","locations":[{"start":{"line":288,"column":8},"end":{"line":288,"column":8},"skip":true},{"start":{"line":288,"column":8},"end":{"line":288,"column":8},"skip":true}]},"21":{"line":288,"type":"binary-expr","locations":[{"start":{"line":288,"column":12},"end":{"line":288,"column":40},"skip":true},{"start":{"line":288,"column":44},"end":{"line":288,"column":67},"skip":true}]},"22":{"line":292,"type":"binary-expr","locations":[{"start":{"line":292,"column":12},"end":{"line":292,"column":50},"skip":true},{"start":{"line":293,"column":12},"end":{"line":293,"column":53},"skip":true}]},"23":{"line":297,"type":"binary-expr","locations":[{"start":{"line":297,"column":12},"end":{"line":297,"column":74},"skip":true},{"start":{"line":298,"column":12},"end":{"line":301,"column":36},"skip":true}]},"24":{"line":303,"type":"binary-expr","locations":[{"start":{"line":303,"column":43},"end":{"line":303,"column":75},"skip":true},{"start":{"line":303,"column":79},"end":{"line":303,"column":81},"skip":true}]},"25":{"line":306,"type":"if","locations":[{"start":{"line":306,"column":8},"end":{"line":306,"column":8},"skip":true},{"start":{"line":306,"column":8},"end":{"line":306,"column":8},"skip":true}]},"26":{"line":310,"type":"if","locations":[{"start":{"line":310,"column":8},"end":{"line":310,"column":8},"skip":true},{"start":{"line":310,"column":8},"end":{"line":310,"column":8},"skip":true}]},"27":{"line":313,"type":"binary-expr","locations":[{"start":{"line":313,"column":27},"end":{"line":313,"column":43},"skip":true},{"start":{"line":313,"column":47},"end":{"line":313,"column":53},"skip":true}]},"28":{"line":317,"type":"if","locations":[{"start":{"line":317,"column":12},"end":{"line":317,"column":12},"skip":true},{"start":{"line":317,"column":12},"end":{"line":317,"column":12},"skip":true}]}},"code":["/*","example.js","","quickstart example","","instruction","    1. save this script as example.js","    2. run the shell command:","        $ npm install npmtest-restify-mongoose && PORT=8081 node example.js","    3. play with the browser-demo on http://127.0.0.1:8081","*/","","","","/* istanbul instrument in package npmtest_restify_mongoose */","/*jslint","    bitwise: true,","    browser: true,","    maxerr: 8,","    maxlen: 96,","    node: true,","    nomen: true,","    regexp: true,","    stupid: true","*/","(function () {","    'use strict';","    var local;","","","","    // run shared js-env code - init-before","    (function () {","        // init local","        local = {};","        // init modeJs","        local.modeJs = (function () {","            try {","                return typeof navigator.userAgent === 'string' &&","                    typeof document.querySelector('body') === 'object' &&","                    typeof XMLHttpRequest.prototype.open === 'function' &&","                    'browser';","            } catch (errorCaughtBrowser) {","                return module.exports &&","                    typeof process.versions.node === 'string' &&","                    typeof require('http').createServer === 'function' &&","                    'node';","            }","        }());","        // init global","        local.global = local.modeJs === 'browser'","            ? window","            : global;","        // init utility2_rollup","        local = local.global.utility2_rollup || (local.modeJs === 'browser'","            ? local.global.utility2_npmtest_restify_mongoose","            : global.utility2_moduleExports);","        // export local","        local.global.local = local;","    }());","    switch (local.modeJs) {","","","","    // init-after","    // run browser js-env code - init-after","    /* istanbul ignore next */","    case 'browser':","        local.testRunBrowser = function (event) {","            if (!event || (event &&","                    event.currentTarget &&","                    event.currentTarget.className &&","                    event.currentTarget.className.includes &&","                    event.currentTarget.className.includes('onreset'))) {","                // reset output","                Array.from(","                    document.querySelectorAll('body > .resettable')","                ).forEach(function (element) {","                    switch (element.tagName) {","                    case 'INPUT':","                    case 'TEXTAREA':","                        element.value = '';","                        break;","                    default:","                        element.textContent = '';","                    }","                });","            }","            switch (event && event.currentTarget && event.currentTarget.id) {","            case 'testRunButton1':","                // show tests","                if (document.querySelector('#testReportDiv1').style.display === 'none') {","                    document.querySelector('#testReportDiv1').style.display = 'block';","                    document.querySelector('#testRunButton1').textContent =","                        'hide internal test';","                    local.modeTest = true;","                    local.testRunDefault(local);","                // hide tests","                } else {","                    document.querySelector('#testReportDiv1').style.display = 'none';","                    document.querySelector('#testRunButton1').textContent = 'run internal test';","                }","                break;","            // custom-case","            default:","                break;","            }","            if (document.querySelector('#inputTextareaEval1') && (!event || (event &&","                    event.currentTarget &&","                    event.currentTarget.className &&","                    event.currentTarget.className.includes &&","                    event.currentTarget.className.includes('oneval')))) {","                // try to eval input-code","                try {","                    /*jslint evil: true*/","                    eval(document.querySelector('#inputTextareaEval1').value);","                } catch (errorCaught) {","                    console.error(errorCaught);","                }","            }","        };","        // log stderr and stdout to #outputTextareaStdout1","        ['error', 'log'].forEach(function (key) {","            console[key + '_original'] = console[key];","            console[key] = function () {","                var element;","                console[key + '_original'].apply(console, arguments);","                element = document.querySelector('#outputTextareaStdout1');","                if (!element) {","                    return;","                }","                // append text to #outputTextareaStdout1","                element.value += Array.from(arguments).map(function (arg) {","                    return typeof arg === 'string'","                        ? arg","                        : JSON.stringify(arg, null, 4);","                }).join(' ') + '\\n';","                // scroll textarea to bottom","                element.scrollTop = element.scrollHeight;","            };","        });","        // init event-handling","        ['change', 'click', 'keyup'].forEach(function (event) {","            Array.from(document.querySelectorAll('.on' + event)).forEach(function (element) {","                element.addEventListener(event, local.testRunBrowser);","            });","        });","        // run tests","        local.testRunBrowser();","        break;","","","","    // run node js-env code - init-after","    /* istanbul ignore next */","    case 'node':","        // export local","        module.exports = local;","        // require modules","        local.fs = require('fs');","        local.http = require('http');","        local.url = require('url');","        // init assets","        local.assetsDict = local.assetsDict || {};","        /* jslint-ignore-begin */","        local.assetsDict['/assets.index.template.html'] = '\\","<!doctype html>\\n\\","<html lang=\"en\">\\n\\","<head>\\n\\","<meta charset=\"UTF-8\">\\n\\","<meta name=\"viewport\" content=\"width=device-width, initial-scale=1\">\\n\\","<title>{{env.npm_package_name}} (v{{env.npm_package_version}})</title>\\n\\","<style>\\n\\","/*csslint\\n\\","    box-sizing: false,\\n\\","    universal-selector: false\\n\\","*/\\n\\","* {\\n\\","    box-sizing: border-box;\\n\\","}\\n\\","body {\\n\\","    background: #dde;\\n\\","    font-family: Arial, Helvetica, sans-serif;\\n\\","    margin: 2rem;\\n\\","}\\n\\","body > * {\\n\\","    margin-bottom: 1rem;\\n\\","}\\n\\",".utility2FooterDiv {\\n\\","    margin-top: 20px;\\n\\","    text-align: center;\\n\\","}\\n\\","</style>\\n\\","<style>\\n\\","/*csslint\\n\\","*/\\n\\","textarea {\\n\\","    font-family: monospace;\\n\\","    height: 10rem;\\n\\","    width: 100%;\\n\\","}\\n\\","textarea[readonly] {\\n\\","    background: #ddd;\\n\\","}\\n\\","</style>\\n\\","</head>\\n\\","<body>\\n\\","<!-- utility2-comment\\n\\","<div id=\"ajaxProgressDiv1\" style=\"background: #d00; height: 2px; left: 0; margin: 0; padding: 0; position: fixed; top: 0; transition: background 0.5s, width 1.5s; width: 25%;\"></div>\\n\\","utility2-comment -->\\n\\","<h1>\\n\\","<!-- utility2-comment\\n\\","    <a\\n\\","        {{#if env.npm_package_homepage}}\\n\\","        href=\"{{env.npm_package_homepage}}\"\\n\\","        {{/if env.npm_package_homepage}}\\n\\","        target=\"_blank\"\\n\\","    >\\n\\","utility2-comment -->\\n\\","        {{env.npm_package_name}} (v{{env.npm_package_version}})\\n\\","<!-- utility2-comment\\n\\","    </a>\\n\\","utility2-comment -->\\n\\","</h1>\\n\\","<h3>{{env.npm_package_description}}</h3>\\n\\","<!-- utility2-comment\\n\\","<h4><a download href=\"assets.app.js\">download standalone app</a></h4>\\n\\","<button class=\"onclick onreset\" id=\"testRunButton1\">run internal test</button><br>\\n\\","<div id=\"testReportDiv1\" style=\"display: none;\"></div>\\n\\","utility2-comment -->\\n\\","\\n\\","\\n\\","\\n\\","<label>stderr and stdout</label>\\n\\","<textarea class=\"resettable\" id=\"outputTextareaStdout1\" readonly></textarea>\\n\\","<!-- utility2-comment\\n\\","{{#if isRollup}}\\n\\","<script src=\"assets.app.js\"></script>\\n\\","{{#unless isRollup}}\\n\\","utility2-comment -->\\n\\","<script src=\"assets.utility2.rollup.js\"></script>\\n\\","<script src=\"jsonp.utility2._stateInit?callback=window.utility2._stateInit\"></script>\\n\\","<script src=\"assets.npmtest_restify_mongoose.rollup.js\"></script>\\n\\","<script src=\"assets.example.js\"></script>\\n\\","<script src=\"assets.test.js\"></script>\\n\\","<!-- utility2-comment\\n\\","{{/if isRollup}}\\n\\","utility2-comment -->\\n\\","<div class=\"utility2FooterDiv\">\\n\\","    [ this app was created with\\n\\","    <a href=\"https://github.com/kaizhu256/node-utility2\" target=\"_blank\">utility2</a>\\n\\","    ]\\n\\","</div>\\n\\","</body>\\n\\","</html>\\n\\","';","        /* jslint-ignore-end */","        if (local.templateRender) {","            local.assetsDict['/'] = local.templateRender(","                local.assetsDict['/assets.index.template.html'],","                {","                    env: local.objectSetDefault(local.env, {","                        npm_package_description: 'the greatest app in the world!',","                        npm_package_name: 'my-app',","                        npm_package_nameAlias: 'my_app',","                        npm_package_version: '0.0.1'","                    })","                }","            );","        } else {","            local.assetsDict['/'] = local.assetsDict['/assets.index.template.html']","                .replace((/\\{\\{env\\.(\\w+?)\\}\\}/g), function (match0, match1) {","                    // jslint-hack","                    String(match0);","                    switch (match1) {","                    case 'npm_package_description':","                        return 'the greatest app in the world!';","                    case 'npm_package_name':","                        return 'my-app';","                    case 'npm_package_nameAlias':","                        return 'my_app';","                    case 'npm_package_version':","                        return '0.0.1';","                    }","                });","        }","        // run the cli","        if (local.global.utility2_rollup || module !== require.main) {","            break;","        }","        local.assetsDict['/assets.example.js'] =","            local.assetsDict['/assets.example.js'] ||","            local.fs.readFileSync(__filename, 'utf8');","        // bug-workaround - long $npm_package_buildCustomOrg","        /* jslint-ignore-begin */","        local.assetsDict['/assets.npmtest_restify_mongoose.rollup.js'] =","            local.assetsDict['/assets.npmtest_restify_mongoose.rollup.js'] ||","            local.fs.readFileSync(","                local.npmtest_restify_mongoose.__dirname + '/lib.npmtest_restify_mongoose.js',","                'utf8'","            ).replace((/^#!/), '//');","        /* jslint-ignore-end */","        local.assetsDict['/favicon.ico'] = local.assetsDict['/favicon.ico'] || '';","        // if $npm_config_timeout_exit exists,","        // then exit this process after $npm_config_timeout_exit ms","        if (Number(process.env.npm_config_timeout_exit)) {","            setTimeout(process.exit, Number(process.env.npm_config_timeout_exit));","        }","        // start server","        if (local.global.utility2_serverHttp1) {","            break;","        }","        process.env.PORT = process.env.PORT || '8081';","        console.error('server starting on port ' + process.env.PORT);","        local.http.createServer(function (request, response) {","            request.urlParsed = local.url.parse(request.url);","            if (local.assetsDict[request.urlParsed.pathname] !== undefined) {","                response.end(local.assetsDict[request.urlParsed.pathname]);","                return;","            }","            response.statusCode = 404;","            response.end();","        }).listen(process.env.PORT);","        break;","    }","}());",""],"l":{"26":2,"28":2,"33":2,"35":2,"37":2,"38":2,"39":2,"44":1,"51":2,"55":2,"59":2,"61":2,"69":1,"70":2,"76":2,"79":2,"82":2,"83":2,"85":1,"89":2,"92":1,"93":1,"94":1,"96":1,"97":1,"100":1,"101":1,"103":1,"106":1,"108":2,"114":1,"116":1,"118":1,"123":1,"124":2,"125":2,"126":3,"127":3,"128":3,"129":3,"130":1,"133":3,"134":3,"139":3,"143":1,"144":3,"145":1,"149":1,"150":1,"158":1,"160":1,"161":1,"162":1,"164":1,"166":1,"258":1,"259":1,"271":1,"274":6,"275":6,"277":1,"279":2,"281":1,"283":2,"288":1,"289":1,"291":1,"296":1,"303":1,"306":1,"307":1,"310":1,"311":1,"313":1,"314":1,"315":1,"316":1,"317":1,"318":1,"319":1,"321":1,"322":1,"324":1}},"/home/travis/build/npmtest/node-npmtest-restify-mongoose/node_modules/restify-mongoose/index.js":{"path":"/home/travis/build/npmtest/node-npmtest-restify-mongoose/node_modules/restify-mongoose/index.js","s":{"1":1,"2":1,"3":1,"4":1,"5":1,"6":1,"7":0,"8":0,"9":0,"10":1,"11":0,"12":0,"13":0,"14":0,"15":1,"16":0,"17":0,"18":0,"19":0,"20":0,"21":0,"22":0,"23":1,"24":0,"25":0,"26":0,"27":0,"28":0,"29":0,"30":0,"31":1,"32":0,"33":0,"34":1,"35":0,"36":0,"37":0,"38":0,"39":0,"40":1,"41":0,"42":0,"43":0,"44":0,"45":0,"46":1,"47":0,"48":0,"49":0,"50":0,"51":0,"52":0,"53":1,"54":0,"55":0,"56":0,"57":0,"58":1,"59":0,"60":0,"61":0,"62":0,"63":1,"64":0,"65":1,"66":1,"67":0,"68":0,"69":0,"70":0,"71":0,"72":0,"73":0,"74":0,"75":0,"76":0,"77":0,"78":0,"79":0,"80":0,"81":0,"82":0,"83":0,"84":0,"85":0,"86":1,"87":0,"88":0,"89":0,"90":1,"91":0,"92":0,"93":0,"94":1,"95":0,"96":0,"97":0,"98":1,"99":0,"100":0,"101":0,"102":1,"103":0,"104":0,"105":0,"106":0,"107":0,"108":0,"109":0,"110":0,"111":0,"112":0,"113":0,"114":0,"115":0,"116":1,"117":1,"118":0,"119":0,"120":0,"121":0,"122":0,"123":0,"124":0,"125":0,"126":0,"127":0,"128":0,"129":0,"130":0,"131":0,"132":0,"133":0,"134":0,"135":0,"136":0,"137":0,"138":0,"139":0,"140":0,"141":0,"142":0,"143":0,"144":0,"145":0,"146":0,"147":0,"148":0,"149":0,"150":1,"151":0,"152":0,"153":0,"154":0,"155":0,"156":0,"157":0,"158":0,"159":0,"160":0,"161":0,"162":0,"163":0,"164":0,"165":0,"166":0,"167":1,"168":0,"169":0,"170":0,"171":0,"172":0,"173":0,"174":0,"175":0,"176":0,"177":1,"178":0,"179":0,"180":0,"181":0,"182":0,"183":0,"184":0,"185":0,"186":0,"187":0,"188":0,"189":0,"190":0,"191":0,"192":0,"193":0,"194":0,"195":0,"196":0,"197":0,"198":0,"199":1,"200":0,"201":0,"202":0,"203":0,"204":0,"205":0,"206":0,"207":0,"208":0,"209":0,"210":0,"211":0,"212":0,"213":0,"214":0,"215":0,"216":0,"217":0,"218":1,"219":0,"220":0,"221":0,"222":0,"223":0,"224":0,"225":0,"226":0,"227":0,"228":0,"229":0,"230":0,"231":0,"232":0,"233":0,"234":1,"235":0,"236":0,"237":0},"b":{"1":[0,0],"2":[0,0],"3":[0,0],"4":[0,0],"5":[0,0],"6":[0,0],"7":[0,0],"8":[0,0],"9":[0,0],"10":[0,0],"11":[0,0],"12":[0,0],"13":[0,0],"14":[0,0],"15":[0,0],"16":[0,0],"17":[0,0],"18":[0,0],"19":[0,0],"20":[0,0],"21":[0,0],"22":[0,0],"23":[0,0],"24":[0,0],"25":[0,0],"26":[0,0],"27":[0,0],"28":[0,0],"29":[0,0],"30":[0,0],"31":[0,0],"32":[0,0],"33":[0,0],"34":[0,0],"35":[0,0],"36":[0,0],"37":[0,0],"38":[0,0],"39":[0,0],"40":[0,0],"41":[0,0],"42":[0,0],"43":[0,0],"44":[0,0],"45":[0,0],"46":[0,0],"47":[0,0],"48":[0,0],"49":[0,0],"50":[0,0],"51":[0,0],"52":[0,0],"53":[0,0],"54":[0,0],"55":[0,0],"56":[0,0],"57":[0,0],"58":[0,0],"59":[0,0],"60":[0,0],"61":[0,0],"62":[0,0],"63":[0,0],"64":[0,0],"65":[0,0],"66":[0,0],"67":[0,0],"68":[0,0],"69":[0,0],"70":[0,0]},"f":{"1":0,"2":0,"3":0,"4":0,"5":0,"6":0,"7":0,"8":0,"9":0,"10":0,"11":0,"12":0,"13":0,"14":0,"15":0,"16":0,"17":0,"18":0,"19":0,"20":0,"21":0,"22":0,"23":0,"24":0,"25":0,"26":0,"27":0,"28":0,"29":0,"30":0,"31":0,"32":0,"33":0,"34":0,"35":0,"36":0,"37":0,"38":0,"39":0,"40":0,"41":0,"42":0,"43":0,"44":0,"45":0,"46":0,"47":0,"48":0,"49":0,"50":0,"51":0,"52":0,"53":0},"fnMap":{"1":{"name":"(anonymous_1)","line":8,"loc":{"start":{"line":8,"column":19},"end":{"line":8,"column":34}}},"2":{"name":"(anonymous_2)","line":21,"loc":{"start":{"line":21,"column":16},"end":{"line":21,"column":39}}},"3":{"name":"(anonymous_3)","line":22,"loc":{"start":{"line":22,"column":9},"end":{"line":22,"column":30}}},"4":{"name":"(anonymous_4)","line":31,"loc":{"start":{"line":31,"column":15},"end":{"line":31,"column":57}}},"5":{"name":"(anonymous_5)","line":32,"loc":{"start":{"line":32,"column":9},"end":{"line":32,"column":30}}},"6":{"name":"(anonymous_6)","line":45,"loc":{"start":{"line":45,"column":28},"end":{"line":45,"column":57}}},"7":{"name":"(anonymous_7)","line":46,"loc":{"start":{"line":46,"column":9},"end":{"line":46,"column":23}}},"8":{"name":"(anonymous_8)","line":48,"loc":{"start":{"line":48,"column":16},"end":{"line":48,"column":36}}},"9":{"name":"(anonymous_9)","line":51,"loc":{"start":{"line":51,"column":15},"end":{"line":51,"column":35}}},"10":{"name":"(anonymous_10)","line":55,"loc":{"start":{"line":55,"column":6},"end":{"line":55,"column":30}}},"11":{"name":"(anonymous_11)","line":67,"loc":{"start":{"line":67,"column":16},"end":{"line":67,"column":33}}},"12":{"name":"(anonymous_12)","line":68,"loc":{"start":{"line":68,"column":9},"end":{"line":68,"column":23}}},"13":{"name":"(anonymous_13)","line":73,"loc":{"start":{"line":73,"column":21},"end":{"line":73,"column":55}}},"14":{"name":"(anonymous_14)","line":75,"loc":{"start":{"line":75,"column":17},"end":{"line":75,"column":43}}},"15":{"name":"(anonymous_15)","line":79,"loc":{"start":{"line":79,"column":9},"end":{"line":79,"column":23}}},"16":{"name":"(anonymous_16)","line":84,"loc":{"start":{"line":84,"column":15},"end":{"line":84,"column":32}}},"17":{"name":"(anonymous_17)","line":85,"loc":{"start":{"line":85,"column":9},"end":{"line":85,"column":23}}},"18":{"name":"(anonymous_18)","line":86,"loc":{"start":{"line":86,"column":15},"end":{"line":86,"column":37}}},"19":{"name":"(anonymous_19)","line":110,"loc":{"start":{"line":110,"column":24},"end":{"line":110,"column":68}}},"20":{"name":"(anonymous_20)","line":111,"loc":{"start":{"line":111,"column":9},"end":{"line":111,"column":30}}},"21":{"name":"(anonymous_21)","line":121,"loc":{"start":{"line":121,"column":23},"end":{"line":121,"column":50}}},"22":{"name":"(anonymous_22)","line":122,"loc":{"start":{"line":122,"column":9},"end":{"line":122,"column":31}}},"23":{"name":"(anonymous_23)","line":123,"loc":{"start":{"line":123,"column":19},"end":{"line":123,"column":40}}},"24":{"name":"(anonymous_24)","line":131,"loc":{"start":{"line":131,"column":22},"end":{"line":131,"column":49}}},"25":{"name":"(anonymous_25)","line":132,"loc":{"start":{"line":132,"column":9},"end":{"line":132,"column":30}}},"26":{"name":"(anonymous_26)","line":141,"loc":{"start":{"line":141,"column":22},"end":{"line":141,"column":43}}},"27":{"name":"(anonymous_27)","line":145,"loc":{"start":{"line":145,"column":21},"end":{"line":145,"column":66}}},"28":{"name":"makeLink","line":146,"loc":{"start":{"line":146,"column":2},"end":{"line":146,"column":31}}},"29":{"name":"applyPageLinksInner","line":154,"loc":{"start":{"line":154,"column":9},"end":{"line":154,"column":62}}},"30":{"name":"(anonymous_30)","line":184,"loc":{"start":{"line":184,"column":22},"end":{"line":184,"column":37}}},"31":{"name":"applyTotalCountInner","line":185,"loc":{"start":{"line":185,"column":9},"end":{"line":185,"column":63}}},"32":{"name":"(anonymous_32)","line":192,"loc":{"start":{"line":192,"column":18},"end":{"line":192,"column":47}}},"33":{"name":"(anonymous_33)","line":200,"loc":{"start":{"line":200,"column":20},"end":{"line":200,"column":49}}},"34":{"name":"(anonymous_34)","line":207,"loc":{"start":{"line":207,"column":16},"end":{"line":207,"column":45}}},"35":{"name":"(anonymous_35)","line":214,"loc":{"start":{"line":214,"column":15},"end":{"line":214,"column":41}}},"36":{"name":"(anonymous_36)","line":225,"loc":{"start":{"line":225,"column":63},"end":{"line":225,"column":88}}},"37":{"name":"(anonymous_37)","line":228,"loc":{"start":{"line":228,"column":67},"end":{"line":228,"column":92}}},"38":{"name":"(anonymous_38)","line":235,"loc":{"start":{"line":235,"column":27},"end":{"line":235,"column":46}}},"39":{"name":"(anonymous_39)","line":249,"loc":{"start":{"line":249,"column":9},"end":{"line":249,"column":35}}},"40":{"name":"(anonymous_40)","line":292,"loc":{"start":{"line":292,"column":28},"end":{"line":292,"column":47}}},"41":{"name":"(anonymous_41)","line":302,"loc":{"start":{"line":302,"column":9},"end":{"line":302,"column":35}}},"42":{"name":"(anonymous_42)","line":324,"loc":{"start":{"line":324,"column":28},"end":{"line":324,"column":47}}},"43":{"name":"(anonymous_43)","line":333,"loc":{"start":{"line":333,"column":9},"end":{"line":333,"column":35}}},"44":{"name":"(anonymous_44)","line":345,"loc":{"start":{"line":345,"column":28},"end":{"line":345,"column":47}}},"45":{"name":"(anonymous_45)","line":354,"loc":{"start":{"line":354,"column":9},"end":{"line":354,"column":35}}},"46":{"name":"(anonymous_46)","line":364,"loc":{"start":{"line":364,"column":15},"end":{"line":364,"column":37}}},"47":{"name":"(anonymous_47)","line":390,"loc":{"start":{"line":390,"column":28},"end":{"line":390,"column":40}}},"48":{"name":"(anonymous_48)","line":394,"loc":{"start":{"line":394,"column":9},"end":{"line":394,"column":35}}},"49":{"name":"(anonymous_49)","line":404,"loc":{"start":{"line":404,"column":15},"end":{"line":404,"column":37}}},"50":{"name":"(anonymous_50)","line":413,"loc":{"start":{"line":413,"column":19},"end":{"line":413,"column":34}}},"51":{"name":"(anonymous_51)","line":425,"loc":{"start":{"line":425,"column":27},"end":{"line":425,"column":60}}},"52":{"name":"handlerChain","line":429,"loc":{"start":{"line":429,"column":21},"end":{"line":429,"column":67}}},"53":{"name":"(anonymous_53)","line":469,"loc":{"start":{"line":469,"column":17},"end":{"line":469,"column":43}}}},"statementMap":{"1":{"start":{"line":2,"column":0},"end":{"line":2,"column":29}},"2":{"start":{"line":3,"column":0},"end":{"line":3,"column":33}},"3":{"start":{"line":4,"column":0},"end":{"line":4,"column":27}},"4":{"start":{"line":5,"column":0},"end":{"line":5,"column":25}},"5":{"start":{"line":6,"column":0},"end":{"line":6,"column":50}},"6":{"start":{"line":8,"column":0},"end":{"line":19,"column":2}},"7":{"start":{"line":9,"column":2},"end":{"line":11,"column":3}},"8":{"start":{"line":10,"column":4},"end":{"line":10,"column":15}},"9":{"start":{"line":13,"column":2},"end":{"line":18,"column":5}},"10":{"start":{"line":21,"column":0},"end":{"line":29,"column":2}},"11":{"start":{"line":22,"column":2},"end":{"line":28,"column":4}},"12":{"start":{"line":23,"column":4},"end":{"line":23,"column":28}},"13":{"start":{"line":25,"column":4},"end":{"line":27,"column":5}},"14":{"start":{"line":26,"column":6},"end":{"line":26,"column":27}},"15":{"start":{"line":31,"column":0},"end":{"line":43,"column":2}},"16":{"start":{"line":32,"column":2},"end":{"line":42,"column":4}},"17":{"start":{"line":33,"column":4},"end":{"line":40,"column":5}},"18":{"start":{"line":34,"column":6},"end":{"line":34,"column":27}},"19":{"start":{"line":35,"column":6},"end":{"line":35,"column":37}},"20":{"start":{"line":36,"column":6},"end":{"line":36,"column":36}},"21":{"start":{"line":39,"column":6},"end":{"line":39,"column":30}},"22":{"start":{"line":41,"column":4},"end":{"line":41,"column":25}},"23":{"start":{"line":45,"column":0},"end":{"line":65,"column":2}},"24":{"start":{"line":46,"column":2},"end":{"line":64,"column":4}},"25":{"start":{"line":47,"column":4},"end":{"line":62,"column":9}},"26":{"start":{"line":49,"column":10},"end":{"line":49,"column":31}},"27":{"start":{"line":52,"column":10},"end":{"line":52,"column":37}},"28":{"start":{"line":56,"column":8},"end":{"line":61,"column":9}},"29":{"start":{"line":57,"column":10},"end":{"line":57,"column":39}},"30":{"start":{"line":60,"column":10},"end":{"line":60,"column":50}},"31":{"start":{"line":67,"column":0},"end":{"line":71,"column":2}},"32":{"start":{"line":68,"column":2},"end":{"line":70,"column":4}},"33":{"start":{"line":69,"column":4},"end":{"line":69,"column":19}},"34":{"start":{"line":73,"column":0},"end":{"line":82,"column":2}},"35":{"start":{"line":74,"column":2},"end":{"line":78,"column":3}},"36":{"start":{"line":75,"column":4},"end":{"line":77,"column":6}},"37":{"start":{"line":76,"column":6},"end":{"line":76,"column":11}},"38":{"start":{"line":79,"column":2},"end":{"line":81,"column":4}},"39":{"start":{"line":80,"column":4},"end":{"line":80,"column":31}},"40":{"start":{"line":84,"column":0},"end":{"line":95,"column":2}},"41":{"start":{"line":85,"column":2},"end":{"line":94,"column":4}},"42":{"start":{"line":86,"column":4},"end":{"line":93,"column":7}},"43":{"start":{"line":87,"column":6},"end":{"line":92,"column":7}},"44":{"start":{"line":88,"column":8},"end":{"line":88,"column":37}},"45":{"start":{"line":91,"column":8},"end":{"line":91,"column":24}},"46":{"start":{"line":110,"column":0},"end":{"line":119,"column":2}},"47":{"start":{"line":111,"column":2},"end":{"line":118,"column":4}},"48":{"start":{"line":112,"column":4},"end":{"line":112,"column":32}},"49":{"start":{"line":113,"column":4},"end":{"line":115,"column":5}},"50":{"start":{"line":114,"column":6},"end":{"line":114,"column":34}},"51":{"start":{"line":116,"column":4},"end":{"line":116,"column":32}},"52":{"start":{"line":117,"column":4},"end":{"line":117,"column":20}},"53":{"start":{"line":121,"column":0},"end":{"line":129,"column":2}},"54":{"start":{"line":122,"column":2},"end":{"line":128,"column":4}},"55":{"start":{"line":123,"column":4},"end":{"line":125,"column":6}},"56":{"start":{"line":124,"column":6},"end":{"line":124,"column":33}},"57":{"start":{"line":127,"column":4},"end":{"line":127,"column":36}},"58":{"start":{"line":131,"column":0},"end":{"line":139,"column":2}},"59":{"start":{"line":132,"column":2},"end":{"line":138,"column":4}},"60":{"start":{"line":133,"column":4},"end":{"line":135,"column":5}},"61":{"start":{"line":134,"column":6},"end":{"line":134,"column":66}},"62":{"start":{"line":137,"column":4},"end":{"line":137,"column":31}},"63":{"start":{"line":141,"column":0},"end":{"line":143,"column":2}},"64":{"start":{"line":142,"column":2},"end":{"line":142,"column":39}},"65":{"start":{"line":145,"column":0},"end":{"line":182,"column":2}},"66":{"start":{"line":146,"column":2},"end":{"line":152,"column":3}},"67":{"start":{"line":147,"column":4},"end":{"line":147,"column":40}},"68":{"start":{"line":148,"column":4},"end":{"line":148,"column":24}},"69":{"start":{"line":149,"column":4},"end":{"line":149,"column":23}},"70":{"start":{"line":150,"column":4},"end":{"line":150,"column":42}},"71":{"start":{"line":151,"column":4},"end":{"line":151,"column":52}},"72":{"start":{"line":154,"column":2},"end":{"line":181,"column":4}},"73":{"start":{"line":156,"column":4},"end":{"line":156,"column":36}},"74":{"start":{"line":159,"column":4},"end":{"line":161,"column":5}},"75":{"start":{"line":160,"column":6},"end":{"line":160,"column":48}},"76":{"start":{"line":164,"column":4},"end":{"line":164,"column":47}},"77":{"start":{"line":165,"column":4},"end":{"line":169,"column":5}},"78":{"start":{"line":166,"column":6},"end":{"line":166,"column":19}},"79":{"start":{"line":168,"column":6},"end":{"line":168,"column":48}},"80":{"start":{"line":172,"column":4},"end":{"line":172,"column":21}},"81":{"start":{"line":173,"column":4},"end":{"line":176,"column":5}},"82":{"start":{"line":174,"column":6},"end":{"line":174,"column":54}},"83":{"start":{"line":175,"column":6},"end":{"line":175,"column":48}},"84":{"start":{"line":178,"column":4},"end":{"line":178,"column":32}},"85":{"start":{"line":180,"column":4},"end":{"line":180,"column":33}},"86":{"start":{"line":184,"column":0},"end":{"line":190,"column":2}},"87":{"start":{"line":185,"column":2},"end":{"line":189,"column":4}},"88":{"start":{"line":186,"column":4},"end":{"line":186,"column":47}},"89":{"start":{"line":188,"column":4},"end":{"line":188,"column":21}},"90":{"start":{"line":192,"column":0},"end":{"line":198,"column":2}},"91":{"start":{"line":194,"column":2},"end":{"line":194,"column":50}},"92":{"start":{"line":195,"column":2},"end":{"line":197,"column":3}},"93":{"start":{"line":196,"column":4},"end":{"line":196,"column":50}},"94":{"start":{"line":200,"column":0},"end":{"line":205,"column":2}},"95":{"start":{"line":201,"column":2},"end":{"line":201,"column":56}},"96":{"start":{"line":202,"column":2},"end":{"line":204,"column":3}},"97":{"start":{"line":203,"column":4},"end":{"line":203,"column":54}},"98":{"start":{"line":207,"column":0},"end":{"line":212,"column":2}},"99":{"start":{"line":208,"column":2},"end":{"line":208,"column":44}},"100":{"start":{"line":209,"column":2},"end":{"line":211,"column":3}},"101":{"start":{"line":210,"column":4},"end":{"line":210,"column":46}},"102":{"start":{"line":214,"column":0},"end":{"line":231,"column":2}},"103":{"start":{"line":215,"column":2},"end":{"line":215,"column":26}},"104":{"start":{"line":216,"column":2},"end":{"line":216,"column":21}},"105":{"start":{"line":218,"column":2},"end":{"line":218,"column":31}},"106":{"start":{"line":219,"column":2},"end":{"line":219,"column":63}},"107":{"start":{"line":220,"column":2},"end":{"line":220,"column":55}},"108":{"start":{"line":221,"column":2},"end":{"line":221,"column":61}},"109":{"start":{"line":222,"column":2},"end":{"line":222,"column":52}},"110":{"start":{"line":223,"column":2},"end":{"line":223,"column":69}},"111":{"start":{"line":224,"column":2},"end":{"line":224,"column":69}},"112":{"start":{"line":225,"column":2},"end":{"line":227,"column":6}},"113":{"start":{"line":226,"column":6},"end":{"line":226,"column":21}},"114":{"start":{"line":228,"column":2},"end":{"line":230,"column":6}},"115":{"start":{"line":229,"column":6},"end":{"line":229,"column":21}},"116":{"start":{"line":233,"column":0},"end":{"line":233,"column":38}},"117":{"start":{"line":235,"column":0},"end":{"line":290,"column":2}},"118":{"start":{"line":236,"column":2},"end":{"line":236,"column":18}},"119":{"start":{"line":238,"column":2},"end":{"line":238,"column":26}},"120":{"start":{"line":239,"column":2},"end":{"line":239,"column":63}},"121":{"start":{"line":240,"column":2},"end":{"line":240,"column":72}},"122":{"start":{"line":241,"column":2},"end":{"line":241,"column":60}},"123":{"start":{"line":242,"column":2},"end":{"line":242,"column":73}},"124":{"start":{"line":243,"column":2},"end":{"line":243,"column":75}},"125":{"start":{"line":244,"column":2},"end":{"line":244,"column":66}},"126":{"start":{"line":245,"column":2},"end":{"line":245,"column":63}},"127":{"start":{"line":246,"column":2},"end":{"line":246,"column":57}},"128":{"start":{"line":247,"column":2},"end":{"line":247,"column":51}},"129":{"start":{"line":249,"column":2},"end":{"line":289,"column":4}},"130":{"start":{"line":250,"column":4},"end":{"line":250,"column":36}},"131":{"start":{"line":251,"column":4},"end":{"line":251,"column":41}},"132":{"start":{"line":253,"column":4},"end":{"line":261,"column":5}},"133":{"start":{"line":254,"column":6},"end":{"line":260,"column":7}},"134":{"start":{"line":255,"column":8},"end":{"line":255,"column":40}},"135":{"start":{"line":256,"column":8},"end":{"line":256,"column":31}},"136":{"start":{"line":257,"column":8},"end":{"line":257,"column":41}},"137":{"start":{"line":259,"column":8},"end":{"line":259,"column":89}},"138":{"start":{"line":263,"column":4},"end":{"line":263,"column":37}},"139":{"start":{"line":264,"column":4},"end":{"line":264,"column":39}},"140":{"start":{"line":265,"column":4},"end":{"line":265,"column":35}},"141":{"start":{"line":267,"column":4},"end":{"line":270,"column":5}},"142":{"start":{"line":268,"column":6},"end":{"line":268,"column":57}},"143":{"start":{"line":269,"column":6},"end":{"line":269,"column":67}},"144":{"start":{"line":272,"column":4},"end":{"line":272,"column":66}},"145":{"start":{"line":275,"column":4},"end":{"line":275,"column":107}},"146":{"start":{"line":276,"column":4},"end":{"line":276,"column":68}},"147":{"start":{"line":278,"column":4},"end":{"line":278,"column":32}},"148":{"start":{"line":279,"column":4},"end":{"line":279,"column":30}},"149":{"start":{"line":281,"column":4},"end":{"line":288,"column":13}},"150":{"start":{"line":292,"column":0},"end":{"line":322,"column":2}},"151":{"start":{"line":293,"column":2},"end":{"line":293,"column":18}},"152":{"start":{"line":295,"column":2},"end":{"line":295,"column":26}},"153":{"start":{"line":296,"column":2},"end":{"line":296,"column":75}},"154":{"start":{"line":297,"column":2},"end":{"line":297,"column":75}},"155":{"start":{"line":298,"column":2},"end":{"line":298,"column":66}},"156":{"start":{"line":299,"column":2},"end":{"line":299,"column":63}},"157":{"start":{"line":300,"column":2},"end":{"line":300,"column":57}},"158":{"start":{"line":302,"column":2},"end":{"line":321,"column":4}},"159":{"start":{"line":303,"column":4},"end":{"line":303,"column":18}},"160":{"start":{"line":304,"column":4},"end":{"line":304,"column":51}},"161":{"start":{"line":306,"column":4},"end":{"line":306,"column":41}},"162":{"start":{"line":308,"column":4},"end":{"line":308,"column":37}},"163":{"start":{"line":309,"column":4},"end":{"line":309,"column":39}},"164":{"start":{"line":311,"column":4},"end":{"line":313,"column":5}},"165":{"start":{"line":312,"column":6},"end":{"line":312,"column":57}},"166":{"start":{"line":315,"column":4},"end":{"line":320,"column":13}},"167":{"start":{"line":324,"column":0},"end":{"line":343,"column":2}},"168":{"start":{"line":325,"column":2},"end":{"line":325,"column":18}},"169":{"start":{"line":327,"column":2},"end":{"line":327,"column":26}},"170":{"start":{"line":328,"column":2},"end":{"line":328,"column":60}},"171":{"start":{"line":329,"column":2},"end":{"line":329,"column":69}},"172":{"start":{"line":330,"column":2},"end":{"line":330,"column":75}},"173":{"start":{"line":331,"column":2},"end":{"line":331,"column":66}},"174":{"start":{"line":333,"column":2},"end":{"line":342,"column":4}},"175":{"start":{"line":334,"column":4},"end":{"line":334,"column":41}},"176":{"start":{"line":335,"column":4},"end":{"line":341,"column":13}},"177":{"start":{"line":345,"column":0},"end":{"line":388,"column":2}},"178":{"start":{"line":346,"column":2},"end":{"line":346,"column":18}},"179":{"start":{"line":348,"column":2},"end":{"line":348,"column":26}},"180":{"start":{"line":349,"column":2},"end":{"line":349,"column":60}},"181":{"start":{"line":350,"column":2},"end":{"line":350,"column":69}},"182":{"start":{"line":351,"column":2},"end":{"line":351,"column":75}},"183":{"start":{"line":352,"column":2},"end":{"line":352,"column":66}},"184":{"start":{"line":354,"column":2},"end":{"line":387,"column":4}},"185":{"start":{"line":355,"column":4},"end":{"line":355,"column":18}},"186":{"start":{"line":356,"column":4},"end":{"line":356,"column":51}},"187":{"start":{"line":358,"column":4},"end":{"line":358,"column":41}},"188":{"start":{"line":360,"column":4},"end":{"line":362,"column":5}},"189":{"start":{"line":361,"column":6},"end":{"line":361,"column":57}},"190":{"start":{"line":364,"column":4},"end":{"line":386,"column":7}},"191":{"start":{"line":365,"column":6},"end":{"line":367,"column":7}},"192":{"start":{"line":366,"column":8},"end":{"line":366,"column":25}},"193":{"start":{"line":369,"column":6},"end":{"line":371,"column":7}},"194":{"start":{"line":370,"column":8},"end":{"line":370,"column":70}},"195":{"start":{"line":373,"column":6},"end":{"line":375,"column":7}},"196":{"start":{"line":374,"column":8},"end":{"line":374,"column":76}},"197":{"start":{"line":377,"column":6},"end":{"line":377,"column":26}},"198":{"start":{"line":379,"column":6},"end":{"line":385,"column":15}},"199":{"start":{"line":390,"column":0},"end":{"line":423,"column":2}},"200":{"start":{"line":391,"column":2},"end":{"line":391,"column":18}},"201":{"start":{"line":392,"column":2},"end":{"line":392,"column":45}},"202":{"start":{"line":394,"column":2},"end":{"line":422,"column":4}},"203":{"start":{"line":395,"column":4},"end":{"line":395,"column":18}},"204":{"start":{"line":396,"column":4},"end":{"line":396,"column":51}},"205":{"start":{"line":398,"column":4},"end":{"line":398,"column":41}},"206":{"start":{"line":400,"column":4},"end":{"line":402,"column":5}},"207":{"start":{"line":401,"column":6},"end":{"line":401,"column":57}},"208":{"start":{"line":404,"column":4},"end":{"line":421,"column":7}},"209":{"start":{"line":405,"column":6},"end":{"line":407,"column":7}},"210":{"start":{"line":406,"column":8},"end":{"line":406,"column":25}},"211":{"start":{"line":409,"column":6},"end":{"line":411,"column":7}},"212":{"start":{"line":410,"column":8},"end":{"line":410,"column":70}},"213":{"start":{"line":413,"column":6},"end":{"line":420,"column":9}},"214":{"start":{"line":414,"column":8},"end":{"line":416,"column":9}},"215":{"start":{"line":415,"column":10},"end":{"line":415,"column":27}},"216":{"start":{"line":418,"column":8},"end":{"line":418,"column":29}},"217":{"start":{"line":419,"column":8},"end":{"line":419,"column":32}},"218":{"start":{"line":425,"column":0},"end":{"line":467,"column":2}},"219":{"start":{"line":427,"column":2},"end":{"line":427,"column":26}},"220":{"start":{"line":429,"column":2},"end":{"line":443,"column":4}},"221":{"start":{"line":430,"column":4},"end":{"line":430,"column":22}},"222":{"start":{"line":432,"column":4},"end":{"line":434,"column":5}},"223":{"start":{"line":433,"column":6},"end":{"line":433,"column":41}},"224":{"start":{"line":436,"column":4},"end":{"line":436,"column":27}},"225":{"start":{"line":438,"column":4},"end":{"line":440,"column":5}},"226":{"start":{"line":439,"column":6},"end":{"line":439,"column":40}},"227":{"start":{"line":442,"column":4},"end":{"line":442,"column":20}},"228":{"start":{"line":445,"column":2},"end":{"line":445,"column":69}},"229":{"start":{"line":447,"column":2},"end":{"line":450,"column":4}},"230":{"start":{"line":451,"column":2},"end":{"line":454,"column":4}},"231":{"start":{"line":455,"column":2},"end":{"line":458,"column":4}},"232":{"start":{"line":459,"column":2},"end":{"line":462,"column":4}},"233":{"start":{"line":463,"column":2},"end":{"line":466,"column":4}},"234":{"start":{"line":469,"column":0},"end":{"line":475,"column":2}},"235":{"start":{"line":470,"column":2},"end":{"line":472,"column":3}},"236":{"start":{"line":471,"column":4},"end":{"line":471,"column":50}},"237":{"start":{"line":474,"column":2},"end":{"line":474,"column":38}}},"branchMap":{"1":{"line":9,"type":"if","locations":[{"start":{"line":9,"column":2},"end":{"line":9,"column":2}},{"start":{"line":9,"column":2},"end":{"line":9,"column":2}}]},"2":{"line":25,"type":"if","locations":[{"start":{"line":25,"column":4},"end":{"line":25,"column":4}},{"start":{"line":25,"column":4},"end":{"line":25,"column":4}}]},"3":{"line":33,"type":"if","locations":[{"start":{"line":33,"column":4},"end":{"line":33,"column":4}},{"start":{"line":33,"column":4},"end":{"line":33,"column":4}}]},"4":{"line":56,"type":"if","locations":[{"start":{"line":56,"column":8},"end":{"line":56,"column":8}},{"start":{"line":56,"column":8},"end":{"line":56,"column":8}}]},"5":{"line":74,"type":"if","locations":[{"start":{"line":74,"column":2},"end":{"line":74,"column":2}},{"start":{"line":74,"column":2},"end":{"line":74,"column":2}}]},"6":{"line":87,"type":"if","locations":[{"start":{"line":87,"column":6},"end":{"line":87,"column":6}},{"start":{"line":87,"column":6},"end":{"line":87,"column":6}}]},"7":{"line":113,"type":"if","locations":[{"start":{"line":113,"column":4},"end":{"line":113,"column":4}},{"start":{"line":113,"column":4},"end":{"line":113,"column":4}}]},"8":{"line":133,"type":"if","locations":[{"start":{"line":133,"column":4},"end":{"line":133,"column":4}},{"start":{"line":133,"column":4},"end":{"line":133,"column":4}}]},"9":{"line":159,"type":"if","locations":[{"start":{"line":159,"column":4},"end":{"line":159,"column":4}},{"start":{"line":159,"column":4},"end":{"line":159,"column":4}}]},"10":{"line":165,"type":"if","locations":[{"start":{"line":165,"column":4},"end":{"line":165,"column":4}},{"start":{"line":165,"column":4},"end":{"line":165,"column":4}}]},"11":{"line":173,"type":"if","locations":[{"start":{"line":173,"column":4},"end":{"line":173,"column":4}},{"start":{"line":173,"column":4},"end":{"line":173,"column":4}}]},"12":{"line":194,"type":"binary-expr","locations":[{"start":{"line":194,"column":15},"end":{"line":194,"column":29}},{"start":{"line":194,"column":33},"end":{"line":194,"column":49}}]},"13":{"line":195,"type":"if","locations":[{"start":{"line":195,"column":2},"end":{"line":195,"column":2}},{"start":{"line":195,"column":2},"end":{"line":195,"column":2}}]},"14":{"line":201,"type":"binary-expr","locations":[{"start":{"line":201,"column":17},"end":{"line":201,"column":35}},{"start":{"line":201,"column":39},"end":{"line":201,"column":55}}]},"15":{"line":202,"type":"if","locations":[{"start":{"line":202,"column":2},"end":{"line":202,"column":2}},{"start":{"line":202,"column":2},"end":{"line":202,"column":2}}]},"16":{"line":208,"type":"binary-expr","locations":[{"start":{"line":208,"column":13},"end":{"line":208,"column":27}},{"start":{"line":208,"column":31},"end":{"line":208,"column":43}}]},"17":{"line":209,"type":"if","locations":[{"start":{"line":209,"column":2},"end":{"line":209,"column":2}},{"start":{"line":209,"column":2},"end":{"line":209,"column":2}}]},"18":{"line":218,"type":"binary-expr","locations":[{"start":{"line":218,"column":17},"end":{"line":218,"column":24}},{"start":{"line":218,"column":28},"end":{"line":218,"column":30}}]},"19":{"line":219,"type":"binary-expr","locations":[{"start":{"line":219,"column":29},"end":{"line":219,"column":53}},{"start":{"line":219,"column":57},"end":{"line":219,"column":62}}]},"20":{"line":220,"type":"binary-expr","locations":[{"start":{"line":220,"column":26},"end":{"line":220,"column":47}},{"start":{"line":220,"column":51},"end":{"line":220,"column":54}}]},"21":{"line":221,"type":"binary-expr","locations":[{"start":{"line":221,"column":29},"end":{"line":221,"column":53}},{"start":{"line":221,"column":57},"end":{"line":221,"column":60}}]},"22":{"line":222,"type":"binary-expr","locations":[{"start":{"line":222,"column":25},"end":{"line":222,"column":45}},{"start":{"line":222,"column":49},"end":{"line":222,"column":51}}]},"23":{"line":223,"type":"binary-expr","locations":[{"start":{"line":223,"column":30},"end":{"line":223,"column":55}},{"start":{"line":223,"column":59},"end":{"line":223,"column":68}}]},"24":{"line":224,"type":"binary-expr","locations":[{"start":{"line":224,"column":27},"end":{"line":224,"column":49}},{"s
[...]
e":409,"column":6}}]},"65":{"line":414,"type":"if","locations":[{"start":{"line":414,"column":8},"end":{"line":414,"column":8}},{"start":{"line":414,"column":8},"end":{"line":414,"column":8}}]},"66":{"line":427,"type":"binary-expr","locations":[{"start":{"line":427,"column":12},"end":{"line":427,"column":19}},{"start":{"line":427,"column":23},"end":{"line":427,"column":25}}]},"67":{"line":432,"type":"if","locations":[{"start":{"line":432,"column":4},"end":{"line":432,"column":4}},{"start":{"line":432,"column":4},"end":{"line":432,"column":4}}]},"68":{"line":438,"type":"if","locations":[{"start":{"line":438,"column":4},"end":{"line":438,"column":4}},{"start":{"line":438,"column":4},"end":{"line":438,"column":4}}]},"69":{"line":445,"type":"cond-expr","locations":[{"start":{"line":445,"column":51},"end":{"line":445,"column":55}},{"start":{"line":445,"column":58},"end":{"line":445,"column":68}}]},"70":{"line":470,"type":"if","locations":[{"start":{"line":470,"column":2},"end":{"line":470,"column":2}},{"start":{"line":470,"column":2},"end":{"line":470,"column":2}}]}},"code":["'use strict';","var async = require('async');","var restify = require('restify');","var util = require('util');","var url = require('url');","var EventEmitter = require('events').EventEmitter;","","var restifyError = function (err) {","  if ('ValidationError' !== err.name) {","    return err;","  }","","  return new restify.InvalidContentError({","    body: {","      message: 'Validation failed',","      errors: err.errors","    }","  });","};","","var emitEvent = function (self, event) {","  return function (model, cb) {","    self.emit(event, model);","","    if (cb) {","      cb(undefined, model);","    }","  };","};","","var sendData = function (res, format, modelName, status) {","  return function (model, cb) {","    if (format === 'json-api') {","      var responseObj = {};","      responseObj[modelName] = model;","      res.json(status, responseObj);","    }","    else {","      res.send(status, model);","    }","    cb(undefined, model);","  };","};","","var execQueryWithTotCount = function (query, countQuery) {","  return function (cb) {","    async.parallel({","        models: function (callback) {","          query.exec(callback);","        },","        count: function (callback) {","          countQuery.count(callback);","        }","      },","      function (err, results) {","        if (err) {","          return cb(restifyError(err));","        }","        else {","          cb(null, results.models, results.count);","        }","      });","","  };","};","","var execQuery = function (query) {","  return function (cb) {","    query.exec(cb);","  };","};","","var execBeforeSave = function (req, model, beforeSave) {","  if (!beforeSave) {","    beforeSave = function (req, model, cb) {","      cb();","    };","  }","  return function (cb) {","    beforeSave(req, model, cb);","  };","};","","var execSave = function (model) {","  return function (cb) {","    model.save(function (err, model) {","      if (err) {","        return cb(restifyError(err));","      }","      else {","        cb(null, model);","      }","    });","  };","};","","/**"," * Sets the Location attribute in the response HTTP Header."," * Used only in the POST and PATCH requests."," *"," * URL PATTERN:"," * If PATCH: use the baseUrl + req.url"," * If POST: use the baseUrl + req.url and append model._id"," *"," * @param {Object} req Required. The request object including the req.url parameter"," * @param {Object} res Required. The response object to set the header attribute at"," * @param {Boolean} isNewResource Required. Tells if the resource is new (true, POST) or old (false, PATCH)"," * @param {String} baseUrl Optional. The base URL to prefix with"," */","var setLocationHeader = function (req, res, isNewResource, baseUrl) {","  return function (model, cb) {","    var url = baseUrl + req.url;","    if (isNewResource) {","      url = url + '/' + model._id;","    }","    res.header('Location', url);","    cb(null, model);","  };","};","","var buildProjections = function (req, projection) {","  return function (models, cb) {","    var iterator = function (model, cb) {","      projection(req, model, cb);","    };","","    async.map(models, iterator, cb);","  };","};","","var buildProjection = function (req, projection) {","  return function (model, cb) {","    if (!model) {","      return cb(new restify.ResourceNotFoundError(req.params.id));","    }","","    projection(req, model, cb);","  };","};","","var parseCommaParam = function(commaParam) {","  return commaParam.replace(/,/g, ' ');","};","","var applyPageLinks = function (req, res, page, pageSize, baseUrl) {","  function makeLink(page, rel) {","    var path = url.parse(req.url, true);","    path.query.p = page;","    delete path.search; // required for url.format to re-generate querystring","    var href = baseUrl + url.format(path);","    return util.format('<%s>; rel=\"%s\"', href, rel);","  }","","  return function applyPageLinksInner(models, totalCount, cb) {","    // rel: first","    var link = makeLink(0, 'first');","","    // rel: prev","    if (page > 0) {","      link += ', ' + makeLink(page - 1, 'prev');","    }","","    // rel: next","    var moreResults = models.length > pageSize;","    if (moreResults) {","      models.pop();","","      link += ', ' + makeLink(page + 1, 'next');","    }","","    // rel: last","    var lastPage = 0;","    if (pageSize > 0) {","      lastPage = Math.ceil(totalCount / pageSize) - 1;","      link += ', ' + makeLink(lastPage, 'last');","    }","","    res.setHeader('link', link);","","    cb(null, models, totalCount);","  };","};","","var applyTotalCount = function (res) {","  return function applyTotalCountInner(models, totalCount, cb) {","    res.setHeader('X-Total-Count', totalCount);","","    cb(null, models);","  };","};","","var applySelect = function(query, options, req){","  //options select overrides request select","  var select = options.select || req.query.select;","  if(select){","    query = query.select(parseCommaParam(select));","  }","};","","var applyPopulate = function(query, options, req){","  var populate = req.query.populate || options.populate;","  if (populate) {","    query = query.populate(parseCommaParam(populate));","  }","};","","var applySort = function(query, options, req){","  var sort = req.query.sort || options.sort;","  if (sort) {","    query = query.sort(parseCommaParam(sort));","  }","};","","var Resource = function (Model, options) {","  EventEmitter.call(this);","  this.Model = Model;","","  this.options = options || {};","  this.options.queryString = this.options.queryString || '_id';","  this.options.pageSize = this.options.pageSize || 100;","  this.options.maxPageSize = this.options.maxPageSize || 100;","  this.options.baseUrl = this.options.baseUrl || '';","  this.options.outputFormat = this.options.outputFormat || 'regular';","  this.options.modelName = this.options.modelName || Model.modelName;","  this.options.listProjection = this.options.listProjection || function (req, item, cb) {","      cb(null, item);","    };","  this.options.detailProjection = this.options.detailProjection || function (req, item, cb) {","      cb(null, item);","    };","};","","util.inherits(Resource, EventEmitter);","","Resource.prototype.query = function (options) {","  var self = this;","","  options = options || {};","  options.pageSize = options.pageSize || this.options.pageSize;","  options.maxPageSize = options.maxPageSize || this.options.maxPageSize;","  options.baseUrl = options.baseUrl || this.options.baseUrl;","  options.projection = options.projection || this.options.listProjection;","  options.outputFormat = options.outputFormat || this.options.outputFormat;","  options.modelName = options.modelName || this.options.modelName;","  options.populate = options.populate || this.options.populate;","  options.select = options.select || this.options.select;","  options.sort = options.sort || this.options.sort;","","  return function (req, res, next) {","    var query = self.Model.find({});","    var countQuery = self.Model.find({});","","    if (req.query.q) {","      try {","        var q = JSON.parse(req.query.q);","        query = query.where(q);","        countQuery = countQuery.where(q);","      } catch (err) {","        return res.send(400, {message: 'Query is not a valid JSON object', errors: err});","      }","    }","","    applySelect(query, options, req);","    applyPopulate(query, options, req);","    applySort(query, options, req);","","    if (self.options.filter) {","      query = query.where(self.options.filter(req, res));","      countQuery = countQuery.where(self.options.filter(req, res));","    }","    ","    var page = Number(req.query.p) >= 0 ? Number(req.query.p) : 0;","","    // pageSize parameter in queryString overrides one in the code. Must be number between [1-options.maxPageSize]","    var requestedPageSize = Number(req.query.pageSize) > 0 ? Number(req.query.pageSize) : options.pageSize;","    var pageSize = Math.min(requestedPageSize, options.maxPageSize);","","    query.skip(pageSize * page);","    query.limit(pageSize + 1);","","    async.waterfall([","      execQueryWithTotCount(query, countQuery),","      applyPageLinks(req, res, page, pageSize, options.baseUrl),","      applyTotalCount(res),","      buildProjections(req, options.projection),","      emitEvent(self, 'query'),","      sendData(res, options.outputFormat, options.modelName)","    ], next);","  };","};","","Resource.prototype.detail = function (options) {","  var self = this;","","  options = options || {};","  options.projection = options.projection || this.options.detailProjection;","  options.outputFormat = options.outputFormat || this.options.outputFormat;","  options.modelName = options.modelName || this.options.modelName;","  options.populate = options.populate || this.options.populate;","  options.select = options.select || this.options.select;","","  return function (req, res, next) {","    var find = {};","    find[self.options.queryString] = req.params.id;","","    var query = self.Model.findOne(find);","","    applySelect(query, options, req);","    applyPopulate(query, options, req);","","    if (self.options.filter) {","      query = query.where(self.options.filter(req, res));","    }","","    async.waterfall([","      execQuery(query),","      buildProjection(req, options.projection),","      emitEvent(self, 'detail'),","      sendData(res, options.outputFormat, options.modelName)","    ], next);","  };","};","","Resource.prototype.insert = function (options) {","  var self = this;","","  options = options || {};","  options.baseUrl = options.baseUrl || this.options.baseUrl;","  options.beforeSave = options.beforeSave || this.options.beforeSave;","  options.outputFormat = options.outputFormat || this.options.outputFormat;","  options.modelName = options.modelName || this.options.modelName;","","  return function (req, res, next) {","    var model = new self.Model(req.body);","    async.waterfall([","      execBeforeSave(req, model, options.beforeSave),","      execSave(model),","      setLocationHeader(req, res, true, options.baseUrl),","      emitEvent(self, 'insert'),","      sendData(res, options.outputFormat, options.modelName, 201)","    ], next);","  };","};","","Resource.prototype.update = function (options) {","  var self = this;","","  options = options || {};","  options.baseUrl = options.baseUrl || this.options.baseUrl;","  options.beforeSave = options.beforeSave || this.options.beforeSave;","  options.outputFormat = options.outputFormat || this.options.outputFormat;","  options.modelName = options.modelName || this.options.modelName;","","  return function (req, res, next) {","    var find = {};","    find[self.options.queryString] = req.params.id;","","    var query = self.Model.findOne(find);","","    if (self.options.filter) {","      query = query.where(self.options.filter(req, res));","    }","","    query.exec(function (err, model) {","      if (err) {","        return next(err);","      }","","      if (!model) {","        return next(new restify.ResourceNotFoundError(req.params.id));","      }","","      if (!req.body) {","        return next(new restify.InvalidContentError('No update data sent'));","      }","","      model.set(req.body);","","      async.waterfall([","        execBeforeSave(req, model, options.beforeSave),","        execSave(model),","        setLocationHeader(req, res, false, options.baseUrl),","        emitEvent(self, 'update'),","        sendData(res, options.outputFormat, options.modelName)","      ], next);","    });","  };","};","","Resource.prototype.remove = function () {","  var self = this;","  var emitRemove = emitEvent(self, 'remove');","","  return function (req, res, next) {","    var find = {};","    find[self.options.queryString] = req.params.id;","","    var query = self.Model.findOne(find);","","    if (self.options.filter) {","      query = query.where(self.options.filter(req, res));","    }","","    query.exec(function (err, model) {","      if (err) {","        return next(err);","      }","","      if (!model) {","        return next(new restify.ResourceNotFoundError(req.params.id));","      }","","      model.remove(function (err) {","        if (err) {","          return next(err);","        }","","        res.send(200, model);","        emitRemove(model, next);","      });","    });","  };","};","","Resource.prototype.serve = function (path, server, options) {","","  options = options || {};","","  var handlerChain = function handlerChain(handler, before, after) {","    var handlers = [];","","    if (before) {","      handlers = handlers.concat(before);","    }","","    handlers.push(handler);","","    if (after) {","      handlers = handlers.concat(after);","    }","","    return handlers;","  };","","  var closedPath = path[path.length - 1] === '/' ? path : path + '/';","","  server.get(","    path,","    handlerChain(this.query(), options.before, options.after)","  );","  server.get(","    closedPath + ':id',","    handlerChain(this.detail(), options.before, options.after)","  );","  server.post(","    path,","    handlerChain(this.insert(), options.before, options.after)","  );","  server.del(","    closedPath + ':id',","    handlerChain(this.remove(), options.before, options.after)","  );","  server.patch(","    closedPath + ':id',","    handlerChain(this.update(), options.before, options.after)","  );","};","","module.exports = function (Model, options) {","  if (!Model) {","    throw new Error('Model argument is required');","  }","","  return new Resource(Model, options);","};",""],"l":{"2":1,"3":1,"4":1,"5":1,"6":1,"8":1,"9":0,"10":0,"13":0,"21":1,"22":0,"23":0,"25":0,"26":0,"31":1,"32":0,"33":0,"34":0,"35":0,"36":0,"39":0,"41":0,"45":1,"46":0,"47":0,"49":0,"52":0,"56":0,"57":0,"60":0,"67":1,"68":0,"69":0,"73":1,"74":0,"75":0,"76":0,"79":0,"80":0,"84":1,"85":0,"86":0,"87":0,"88":0,"91":0,"110":1,"111":0,"112":0,"113":0,"114":0,"116":0,"117":0,"121":1,"122":0,"123":0,"124":0,"127":0,"131":1,"132":0,"133":0,"134":0,"137":0,"141":1,"142":0,"145":1,"146":1,"147":0,"148":0,"149":0,"150":0,"151":0,"154":0,"156":0,"159":0,"160":0,"164":0,"165":0,"166":0,"168":0,"172":0,"173":0,"174":0,"175":0,"178":0,"180":0,"184":1,"185":0,"186":0,"188":0,"192":1,"194":0,"195":0,"196":0,"200":1,"201":0,"202":0,"203":0,"207":1,"208":0,"209":0,"210":0,"214":1,"215":0,"216":0,"218":0,"219":0,"220":0,"221":0,"222":0,"223":0,"224":0,"225":0,"226":0,"228":0,"229":0,"233":1,"235":1,"236":0,"238":0,"239":0,"240":0,"241":0,"242":0,"243":0,"244":0,"245":0,"246":0,"247":0,"249":0,"250":0,"251":0,"253":0,"254":0,"255":0,"256":0,"257":0,"259":0,"263":0,"264":0,"265":0,"267":0,"268":0,"269":0,"272":0,"275":0,"276":0,"278":0,"279":0,"281":0,"292":1,"293":0,"295":0,"296":0,"297":0,"298":0,"299":0,"300":0,"302":0,"303":0,"304":0,"306":0,"308":0,"309":0,"311":0,"312":0,"315":0,"324":1,"325":0,"327":0,"328":0,"329":0,"330":0,"331":0,"333":0,"334":0,"335":0,"345":1,"346":0,"348":0,"349":0,"350":0,"351":0,"352":0,"354":0,"355":0,"356":0,"358":0,"360":0,"361":0,"364":0,"365":0,"366":0,"369":0,"370":0,"373":0,"374":0,"377":0,"379":0,"390":1,"391":0,"392":0,"394":0,"395":0,"396":0,"398":0,"400":0,"401":0,"404":0,"405":0,"406":0,"409":0,"410":0,"413":0,"414":0,"415":0,"418":0,"419":0,"425":1,"427":0,"429":0,"430":0,"432":0,"433":0,"436":0,"438":0,"439":0,"442":0,"445":0,"447":0,"451":0,"455":0,"459":0,"463":0,"469":1,"470":0,"471":0,"474":0}},"/home/travis/build/npmtest/node-npmtest-restify-mongoose/node_modules/restify-mongoose/_release.js":{"path":"/home/travis/build/npmtest/node-npmtest-restify-mongoose/node_modules/restify-mongoose/_release.js","s":{"1":2,"2":0,"3":0,"4":0,"5":0,"6":0,"7":0,"8":0,"9":0,"10":0,"11":0,"12":0,"13":0,"14":1,"15":0,"16":0,"17":0,"18":0,"19":0},"b":{"1":[0,0],"2":[0,0],"3":[0,0,0],"4":[0,0]},"f":{"1":0},"fnMap":{"1":{"name":"exec","line":22,"loc":{"start":{"line":22,"column":0},"end":{"line":22,"column":19}}}},"statementMap":{"1":{"start":{"line":1,"column":0},"end":{"line":1,"column":31}},"2":{"start":{"line":3,"column":0},"end":{"line":6,"column":1}},"3":{"start":{"line":4,"column":2},"end":{"line":4,"column":52}},"4":{"start":{"line":5,"column":2},"end":{"line":5,"column":18}},"5":{"start":{"line":8,"column":0},"end":{"line":8,"column":60}},"6":{"start":{"line":10,"column":0},"end":{"line":13,"column":1}},"7":{"start":{"line":11,"column":2},"end":{"line":11,"column":60}},"8":{"start":{"line":12,"column":2},"end":{"line":12,"column":18}},"9":{"start":{"line":15,"column":0},"end":{"line":15,"column":40}},"10":{"start":{"line":17,"column":0},"end":{"line":17,"column":17}},"11":{"start":{"line":18,"column":0},"end":{"line":18,"column":17}},"12":{"start":{"line":19,"column":0},"end":{"line":19,"column":24}},"13":{"start":{"line":20,"column":0},"end":{"line":20,"column":20}},"14":{"start":{"line":22,"column":0},"end":{"line":31,"column":1}},"15":{"start":{"line":23,"column":2},"end":{"line":23,"column":47}},"16":{"start":{"line":25,"column":2},"end":{"line":28,"column":3}},"17":{"start":{"line":26,"column":4},"end":{"line":26,"column":30}},"18":{"start":{"line":27,"column":4},"end":{"line":27,"column":20}},"19":{"start":{"line":30,"column":2},"end":{"line":30,"column":13}}},"branchMap":{"1":{"line":3,"type":"if","locations":[{"start":{"line":3,"column":0},"end":{"line":3,"column":0}},{"start":{"line":3,"column":0},"end":{"line":3,"column":0}}]},"2":{"line":10,"type":"if","locations":[{"start":{"line":10,"column":0},"end":{"line":10,"column":0}},{"start":{"line":10,"column":0},"end":{"line":10,"column":0}}]},"3":{"line":10,"type":"binary-expr","locations":[{"start":{"line":10,"column":4},"end":{"line":10,"column":31}},{"start":{"line":10,"column":35},"end":{"line":10,"column":62}},{"start":{"line":10,"column":66},"end":{"line":10,"column":93}}]},"4":{"line":25,"type":"if","locations":[{"start":{"line":25,"column":2},"end":{"line":25,"column":2}},{"start":{"line":25,"column":2},"end":{"line":25,"column":2}}]}},"code":["var shell = require('shelljs');","","if (exec('git status --porcelain').stdout) {","  console.error('Git working directory not clean.');","  process.exit(2);","}","","var versionIncrement = process.argv[process.argv.length -1];","","if (versionIncrement != 'major' && versionIncrement != 'minor' && versionIncrement != 'patch') {","  console.error('Usage: node release.js major|minor|patch');","  process.exit(1);","}","","exec('npm version ' + versionIncrement);","","exec('npm test');","exec('git push');","exec('git push --tags');","exec('npm publish');","","function exec(cmd) {","  var ret = shell.exec(cmd, { silent : true });","","  if (ret.code != 0) {","    console.error(ret.stderr);","    process.exit(1);","  }","","  return ret;","}",""],"l":{"1":2,"3":0,"4":0,"5":0,"8":0,"10":0,"11":0,"12":0,"15":0,"17":0,"18":0,"19":0,"20":0,"22":1,"23":0,"25":0,"26":0,"27":0,"30":0}}}